[23/Dec/2015 03:50:35] DEBUG [django.db.backends:89] (0.002) 
            SELECT c.relname, c.relkind
            FROM pg_catalog.pg_class c
            LEFT JOIN pg_catalog.pg_namespace n ON n.oid = c.relnamespace
            WHERE c.relkind IN ('r', 'v')
                AND n.nspname NOT IN ('pg_catalog', 'pg_toast')
                AND pg_catalog.pg_table_is_visible(c.oid); args=None
[23/Dec/2015 03:50:35] DEBUG [django.db.backends.schema:101] CREATE TABLE "django_migrations" ("id" serial NOT NULL PRIMARY KEY, "app" varchar(255) NOT NULL, "name" varchar(255) NOT NULL, "applied" timestamp with time zone NOT NULL); (params None)
[23/Dec/2015 03:50:35] DEBUG [django.db.backends:89] (0.007) CREATE TABLE "django_migrations" ("id" serial NOT NULL PRIMARY KEY, "app" varchar(255) NOT NULL, "name" varchar(255) NOT NULL, "applied" timestamp with time zone NOT NULL); args=None
[23/Dec/2015 03:50:35] DEBUG [django.db.backends:89] (0.001) SELECT "django_migrations"."app", "django_migrations"."name" FROM "django_migrations"; args=()
[23/Dec/2015 03:50:35] DEBUG [django.db.backends.schema:101] CREATE TABLE "django_content_type" ("id" serial NOT NULL PRIMARY KEY, "name" varchar(100) NOT NULL, "app_label" varchar(100) NOT NULL, "model" varchar(100) NOT NULL); (params None)
[23/Dec/2015 03:50:35] DEBUG [django.db.backends:89] (0.005) CREATE TABLE "django_content_type" ("id" serial NOT NULL PRIMARY KEY, "name" varchar(100) NOT NULL, "app_label" varchar(100) NOT NULL, "model" varchar(100) NOT NULL); args=None
[23/Dec/2015 03:50:35] DEBUG [django.db.backends.schema:101] ALTER TABLE "django_content_type" ADD CONSTRAINT "django_content_type_app_label_76bd3d3b_uniq" UNIQUE ("app_label", "model"); (params [])
[23/Dec/2015 03:50:35] DEBUG [django.db.backends:89] (0.003) ALTER TABLE "django_content_type" ADD CONSTRAINT "django_content_type_app_label_76bd3d3b_uniq" UNIQUE ("app_label", "model"); args=[]
[23/Dec/2015 03:50:35] DEBUG [django.db.backends:89] (0.001) 
            SELECT c.relname, c.relkind
            FROM pg_catalog.pg_class c
            LEFT JOIN pg_catalog.pg_namespace n ON n.oid = c.relnamespace
            WHERE c.relkind IN ('r', 'v')
                AND n.nspname NOT IN ('pg_catalog', 'pg_toast')
                AND pg_catalog.pg_table_is_visible(c.oid); args=None
[23/Dec/2015 03:50:35] DEBUG [django.db.backends:89] (0.001) INSERT INTO "django_migrations" ("app", "name", "applied") VALUES ('contenttypes', '0001_initial', '2015-12-23T03:50:35.773356+00:00'::timestamptz) RETURNING "django_migrations"."id"; args=('contenttypes', u'0001_initial', datetime.datetime(2015, 12, 23, 3, 50, 35, 773356, tzinfo=<UTC>))
[23/Dec/2015 03:50:35] DEBUG [django.db.backends.schema:101] CREATE TABLE "auth_permission" ("id" serial NOT NULL PRIMARY KEY, "name" varchar(50) NOT NULL, "content_type_id" integer NOT NULL, "codename" varchar(100) NOT NULL); (params None)
[23/Dec/2015 03:50:35] DEBUG [django.db.backends:89] (0.005) CREATE TABLE "auth_permission" ("id" serial NOT NULL PRIMARY KEY, "name" varchar(50) NOT NULL, "content_type_id" integer NOT NULL, "codename" varchar(100) NOT NULL); args=None
[23/Dec/2015 03:50:35] DEBUG [django.db.backends.schema:101] CREATE TABLE "auth_group" ("id" serial NOT NULL PRIMARY KEY, "name" varchar(80) NOT NULL UNIQUE); (params None)
[23/Dec/2015 03:50:35] DEBUG [django.db.backends:89] (0.006) CREATE TABLE "auth_group" ("id" serial NOT NULL PRIMARY KEY, "name" varchar(80) NOT NULL UNIQUE); args=None
[23/Dec/2015 03:50:35] DEBUG [django.db.backends.schema:101] CREATE TABLE "auth_group_permissions" ("id" serial NOT NULL PRIMARY KEY, "group_id" integer NOT NULL, "permission_id" integer NOT NULL); (params None)
[23/Dec/2015 03:50:35] DEBUG [django.db.backends:89] (0.004) CREATE TABLE "auth_group_permissions" ("id" serial NOT NULL PRIMARY KEY, "group_id" integer NOT NULL, "permission_id" integer NOT NULL); args=None
[23/Dec/2015 03:50:35] DEBUG [django.db.backends.schema:101] CREATE TABLE "auth_user" ("id" serial NOT NULL PRIMARY KEY, "password" varchar(128) NOT NULL, "last_login" timestamp with time zone NOT NULL, "is_superuser" boolean NOT NULL, "username" varchar(30) NOT NULL UNIQUE, "first_name" varchar(30) NOT NULL, "last_name" varchar(30) NOT NULL, "email" varchar(75) NOT NULL, "is_staff" boolean NOT NULL, "is_active" boolean NOT NULL, "date_joined" timestamp with time zone NOT NULL); (params None)
[23/Dec/2015 03:50:35] DEBUG [django.db.backends:89] (0.005) CREATE TABLE "auth_user" ("id" serial NOT NULL PRIMARY KEY, "password" varchar(128) NOT NULL, "last_login" timestamp with time zone NOT NULL, "is_superuser" boolean NOT NULL, "username" varchar(30) NOT NULL UNIQUE, "first_name" varchar(30) NOT NULL, "last_name" varchar(30) NOT NULL, "email" varchar(75) NOT NULL, "is_staff" boolean NOT NULL, "is_active" boolean NOT NULL, "date_joined" timestamp with time zone NOT NULL); args=None
[23/Dec/2015 03:50:35] DEBUG [django.db.backends.schema:101] CREATE TABLE "auth_user_groups" ("id" serial NOT NULL PRIMARY KEY, "user_id" integer NOT NULL, "group_id" integer NOT NULL); (params None)
[23/Dec/2015 03:50:35] DEBUG [django.db.backends:89] (0.003) CREATE TABLE "auth_user_groups" ("id" serial NOT NULL PRIMARY KEY, "user_id" integer NOT NULL, "group_id" integer NOT NULL); args=None
[23/Dec/2015 03:50:35] DEBUG [django.db.backends.schema:101] CREATE TABLE "auth_user_user_permissions" ("id" serial NOT NULL PRIMARY KEY, "user_id" integer NOT NULL, "permission_id" integer NOT NULL); (params None)
[23/Dec/2015 03:50:35] DEBUG [django.db.backends:89] (0.004) CREATE TABLE "auth_user_user_permissions" ("id" serial NOT NULL PRIMARY KEY, "user_id" integer NOT NULL, "permission_id" integer NOT NULL); args=None
[23/Dec/2015 03:50:35] DEBUG [django.db.backends.schema:101] ALTER TABLE "auth_permission" ADD CONSTRAINT "auth_permiss_content_type_id_2f476e4b_fk_django_content_type_id" FOREIGN KEY ("content_type_id") REFERENCES "django_content_type" ("id") DEFERRABLE INITIALLY DEFERRED; (params [])
[23/Dec/2015 03:50:35] DEBUG [django.db.backends:89] (0.003) ALTER TABLE "auth_permission" ADD CONSTRAINT "auth_permiss_content_type_id_2f476e4b_fk_django_content_type_id" FOREIGN KEY ("content_type_id") REFERENCES "django_content_type" ("id") DEFERRABLE INITIALLY DEFERRED; args=[]
[23/Dec/2015 03:50:35] DEBUG [django.db.backends.schema:101] ALTER TABLE "auth_permission" ADD CONSTRAINT "auth_permission_content_type_id_01ab375a_uniq" UNIQUE ("content_type_id", "codename"); (params [])
[23/Dec/2015 03:50:35] DEBUG [django.db.backends:89] (0.002) ALTER TABLE "auth_permission" ADD CONSTRAINT "auth_permission_content_type_id_01ab375a_uniq" UNIQUE ("content_type_id", "codename"); args=[]
[23/Dec/2015 03:50:35] DEBUG [django.db.backends.schema:101] CREATE INDEX "auth_permission_417f1b1c" ON "auth_permission" ("content_type_id"); (params [])
[23/Dec/2015 03:50:35] DEBUG [django.db.backends:89] (0.002) CREATE INDEX "auth_permission_417f1b1c" ON "auth_permission" ("content_type_id"); args=[]
[23/Dec/2015 03:50:35] DEBUG [django.db.backends.schema:101] CREATE INDEX "auth_group_name_a6ea08ec_like" ON "auth_group" ("name" varchar_pattern_ops); (params [])
[23/Dec/2015 03:50:35] DEBUG [django.db.backends:89] (0.002) CREATE INDEX "auth_group_name_a6ea08ec_like" ON "auth_group" ("name" varchar_pattern_ops); args=[]
[23/Dec/2015 03:50:35] DEBUG [django.db.backends.schema:101] ALTER TABLE "auth_group_permissions" ADD CONSTRAINT "auth_group_permissions_group_id_b120cbf9_fk_auth_group_id" FOREIGN KEY ("group_id") REFERENCES "auth_group" ("id") DEFERRABLE INITIALLY DEFERRED; (params [])
[23/Dec/2015 03:50:35] DEBUG [django.db.backends:89] (0.002) ALTER TABLE "auth_group_permissions" ADD CONSTRAINT "auth_group_permissions_group_id_b120cbf9_fk_auth_group_id" FOREIGN KEY ("group_id") REFERENCES "auth_group" ("id") DEFERRABLE INITIALLY DEFERRED; args=[]
[23/Dec/2015 03:50:35] DEBUG [django.db.backends.schema:101] ALTER TABLE "auth_group_permissions" ADD CONSTRAINT "auth_group_permiss_permission_id_84c5c92e_fk_auth_permission_id" FOREIGN KEY ("permission_id") REFERENCES "auth_permission" ("id") DEFERRABLE INITIALLY DEFERRED; (params [])
[23/Dec/2015 03:50:35] DEBUG [django.db.backends:89] (0.001) ALTER TABLE "auth_group_permissions" ADD CONSTRAINT "auth_group_permiss_permission_id_84c5c92e_fk_auth_permission_id" FOREIGN KEY ("permission_id") REFERENCES "auth_permission" ("id") DEFERRABLE INITIALLY DEFERRED; args=[]
[23/Dec/2015 03:50:35] DEBUG [django.db.backends.schema:101] ALTER TABLE "auth_group_permissions" ADD CONSTRAINT "auth_group_permissions_group_id_0cd325b0_uniq" UNIQUE ("group_id", "permission_id"); (params [])
[23/Dec/2015 03:50:35] DEBUG [django.db.backends:89] (0.002) ALTER TABLE "auth_group_permissions" ADD CONSTRAINT "auth_group_permissions_group_id_0cd325b0_uniq" UNIQUE ("group_id", "permission_id"); args=[]
[23/Dec/2015 03:50:35] DEBUG [django.db.backends.schema:101] CREATE INDEX "auth_group_permissions_0e939a4f" ON "auth_group_permissions" ("group_id"); (params [])
[23/Dec/2015 03:50:35] DEBUG [django.db.backends:89] (0.002) CREATE INDEX "auth_group_permissions_0e939a4f" ON "auth_group_permissions" ("group_id"); args=[]
[23/Dec/2015 03:50:35] DEBUG [django.db.backends.schema:101] CREATE INDEX "auth_group_permissions_8373b171" ON "auth_group_permissions" ("permission_id"); (params [])
[23/Dec/2015 03:50:35] DEBUG [django.db.backends:89] (0.002) CREATE INDEX "auth_group_permissions_8373b171" ON "auth_group_permissions" ("permission_id"); args=[]
[23/Dec/2015 03:50:35] DEBUG [django.db.backends.schema:101] CREATE INDEX "auth_user_username_6821ab7c_like" ON "auth_user" ("username" varchar_pattern_ops); (params [])
[23/Dec/2015 03:50:35] DEBUG [django.db.backends:89] (0.002) CREATE INDEX "auth_user_username_6821ab7c_like" ON "auth_user" ("username" varchar_pattern_ops); args=[]
[23/Dec/2015 03:50:35] DEBUG [django.db.backends.schema:101] ALTER TABLE "auth_user_groups" ADD CONSTRAINT "auth_user_groups_user_id_6a12ed8b_fk_auth_user_id" FOREIGN KEY ("user_id") REFERENCES "auth_user" ("id") DEFERRABLE INITIALLY DEFERRED; (params [])
[23/Dec/2015 03:50:35] DEBUG [django.db.backends:89] (0.001) ALTER TABLE "auth_user_groups" ADD CONSTRAINT "auth_user_groups_user_id_6a12ed8b_fk_auth_user_id" FOREIGN KEY ("user_id") REFERENCES "auth_user" ("id") DEFERRABLE INITIALLY DEFERRED; args=[]
[23/Dec/2015 03:50:35] DEBUG [django.db.backends.schema:101] ALTER TABLE "auth_user_groups" ADD CONSTRAINT "auth_user_groups_group_id_97559544_fk_auth_group_id" FOREIGN KEY ("group_id") REFERENCES "auth_group" ("id") DEFERRABLE INITIALLY DEFERRED; (params [])
[23/Dec/2015 03:50:35] DEBUG [django.db.backends:89] (0.001) ALTER TABLE "auth_user_groups" ADD CONSTRAINT "auth_user_groups_group_id_97559544_fk_auth_group_id" FOREIGN KEY ("group_id") REFERENCES "auth_group" ("id") DEFERRABLE INITIALLY DEFERRED; args=[]
[23/Dec/2015 03:50:35] DEBUG [django.db.backends.schema:101] ALTER TABLE "auth_user_groups" ADD CONSTRAINT "auth_user_groups_user_id_94350c0c_uniq" UNIQUE ("user_id", "group_id"); (params [])
[23/Dec/2015 03:50:35] DEBUG [django.db.backends:89] (0.002) ALTER TABLE "auth_user_groups" ADD CONSTRAINT "auth_user_groups_user_id_94350c0c_uniq" UNIQUE ("user_id", "group_id"); args=[]
[23/Dec/2015 03:50:35] DEBUG [django.db.backends.schema:101] CREATE INDEX "auth_user_groups_e8701ad4" ON "auth_user_groups" ("user_id"); (params [])
[23/Dec/2015 03:50:35] DEBUG [django.db.backends:89] (0.002) CREATE INDEX "auth_user_groups_e8701ad4" ON "auth_user_groups" ("user_id"); args=[]
[23/Dec/2015 03:50:35] DEBUG [django.db.backends.schema:101] CREATE INDEX "auth_user_groups_0e939a4f" ON "auth_user_groups" ("group_id"); (params [])
[23/Dec/2015 03:50:35] DEBUG [django.db.backends:89] (0.002) CREATE INDEX "auth_user_groups_0e939a4f" ON "auth_user_groups" ("group_id"); args=[]
[23/Dec/2015 03:50:35] DEBUG [django.db.backends.schema:101] ALTER TABLE "auth_user_user_permissions" ADD CONSTRAINT "auth_user_user_permissions_user_id_a95ead1b_fk_auth_user_id" FOREIGN KEY ("user_id") REFERENCES "auth_user" ("id") DEFERRABLE INITIALLY DEFERRED; (params [])
[23/Dec/2015 03:50:35] DEBUG [django.db.backends:89] (0.001) ALTER TABLE "auth_user_user_permissions" ADD CONSTRAINT "auth_user_user_permissions_user_id_a95ead1b_fk_auth_user_id" FOREIGN KEY ("user_id") REFERENCES "auth_user" ("id") DEFERRABLE INITIALLY DEFERRED; args=[]
[23/Dec/2015 03:50:35] DEBUG [django.db.backends.schema:101] ALTER TABLE "auth_user_user_permissions" ADD CONSTRAINT "auth_user_user_per_permission_id_1fbb5f2c_fk_auth_permission_id" FOREIGN KEY ("permission_id") REFERENCES "auth_permission" ("id") DEFERRABLE INITIALLY DEFERRED; (params [])
[23/Dec/2015 03:50:35] DEBUG [django.db.backends:89] (0.001) ALTER TABLE "auth_user_user_permissions" ADD CONSTRAINT "auth_user_user_per_permission_id_1fbb5f2c_fk_auth_permission_id" FOREIGN KEY ("permission_id") REFERENCES "auth_permission" ("id") DEFERRABLE INITIALLY DEFERRED; args=[]
[23/Dec/2015 03:50:35] DEBUG [django.db.backends.schema:101] ALTER TABLE "auth_user_user_permissions" ADD CONSTRAINT "auth_user_user_permissions_user_id_14a6b632_uniq" UNIQUE ("user_id", "permission_id"); (params [])
[23/Dec/2015 03:50:35] DEBUG [django.db.backends:89] (0.003) ALTER TABLE "auth_user_user_permissions" ADD CONSTRAINT "auth_user_user_permissions_user_id_14a6b632_uniq" UNIQUE ("user_id", "permission_id"); args=[]
[23/Dec/2015 03:50:35] DEBUG [django.db.backends.schema:101] CREATE INDEX "auth_user_user_permissions_e8701ad4" ON "auth_user_user_permissions" ("user_id"); (params [])
[23/Dec/2015 03:50:35] DEBUG [django.db.backends:89] (0.002) CREATE INDEX "auth_user_user_permissions_e8701ad4" ON "auth_user_user_permissions" ("user_id"); args=[]
[23/Dec/2015 03:50:35] DEBUG [django.db.backends.schema:101] CREATE INDEX "auth_user_user_permissions_8373b171" ON "auth_user_user_permissions" ("permission_id"); (params [])
[23/Dec/2015 03:50:35] DEBUG [django.db.backends:89] (0.002) CREATE INDEX "auth_user_user_permissions_8373b171" ON "auth_user_user_permissions" ("permission_id"); args=[]
[23/Dec/2015 03:50:35] DEBUG [django.db.backends:89] (0.001) 
            SELECT c.relname, c.relkind
            FROM pg_catalog.pg_class c
            LEFT JOIN pg_catalog.pg_namespace n ON n.oid = c.relnamespace
            WHERE c.relkind IN ('r', 'v')
                AND n.nspname NOT IN ('pg_catalog', 'pg_toast')
                AND pg_catalog.pg_table_is_visible(c.oid); args=None
[23/Dec/2015 03:50:35] DEBUG [django.db.backends:89] (0.001) INSERT INTO "django_migrations" ("app", "name", "applied") VALUES ('auth', '0001_initial', '2015-12-23T03:50:35.892361+00:00'::timestamptz) RETURNING "django_migrations"."id"; args=('auth', u'0001_initial', datetime.datetime(2015, 12, 23, 3, 50, 35, 892361, tzinfo=<UTC>))
[23/Dec/2015 03:50:35] DEBUG [django.db.backends.schema:101] CREATE TABLE "django_admin_log" ("id" serial NOT NULL PRIMARY KEY, "action_time" timestamp with time zone NOT NULL, "object_id" text NULL, "object_repr" varchar(200) NOT NULL, "action_flag" smallint NOT NULL CHECK ("action_flag" >= 0), "change_message" text NOT NULL, "content_type_id" integer NULL, "user_id" integer NOT NULL); (params None)
[23/Dec/2015 03:50:35] DEBUG [django.db.backends:89] (0.006) CREATE TABLE "django_admin_log" ("id" serial NOT NULL PRIMARY KEY, "action_time" timestamp with time zone NOT NULL, "object_id" text NULL, "object_repr" varchar(200) NOT NULL, "action_flag" smallint NOT NULL CHECK ("action_flag" >= 0), "change_message" text NOT NULL, "content_type_id" integer NULL, "user_id" integer NOT NULL); args=None
[23/Dec/2015 03:50:35] DEBUG [django.db.backends.schema:101] ALTER TABLE "django_admin_log" ADD CONSTRAINT "django_admin_content_type_id_c4bce8eb_fk_django_content_type_id" FOREIGN KEY ("content_type_id") REFERENCES "django_content_type" ("id") DEFERRABLE INITIALLY DEFERRED; (params [])
[23/Dec/2015 03:50:35] DEBUG [django.db.backends:89] (0.001) ALTER TABLE "django_admin_log" ADD CONSTRAINT "django_admin_content_type_id_c4bce8eb_fk_django_content_type_id" FOREIGN KEY ("content_type_id") REFERENCES "django_content_type" ("id") DEFERRABLE INITIALLY DEFERRED; args=[]
[23/Dec/2015 03:50:35] DEBUG [django.db.backends.schema:101] ALTER TABLE "django_admin_log" ADD CONSTRAINT "django_admin_log_user_id_c564eba6_fk_auth_user_id" FOREIGN KEY ("user_id") REFERENCES "auth_user" ("id") DEFERRABLE INITIALLY DEFERRED; (params [])
[23/Dec/2015 03:50:35] DEBUG [django.db.backends:89] (0.001) ALTER TABLE "django_admin_log" ADD CONSTRAINT "django_admin_log_user_id_c564eba6_fk_auth_user_id" FOREIGN KEY ("user_id") REFERENCES "auth_user" ("id") DEFERRABLE INITIALLY DEFERRED; args=[]
[23/Dec/2015 03:50:35] DEBUG [django.db.backends.schema:101] CREATE INDEX "django_admin_log_417f1b1c" ON "django_admin_log" ("content_type_id"); (params [])
[23/Dec/2015 03:50:35] DEBUG [django.db.backends:89] (0.002) CREATE INDEX "django_admin_log_417f1b1c" ON "django_admin_log" ("content_type_id"); args=[]
[23/Dec/2015 03:50:35] DEBUG [django.db.backends.schema:101] CREATE INDEX "django_admin_log_e8701ad4" ON "django_admin_log" ("user_id"); (params [])
[23/Dec/2015 03:50:35] DEBUG [django.db.backends:89] (0.002) CREATE INDEX "django_admin_log_e8701ad4" ON "django_admin_log" ("user_id"); args=[]
[23/Dec/2015 03:50:35] DEBUG [django.db.backends:89] (0.001) 
            SELECT c.relname, c.relkind
            FROM pg_catalog.pg_class c
            LEFT JOIN pg_catalog.pg_namespace n ON n.oid = c.relnamespace
            WHERE c.relkind IN ('r', 'v')
                AND n.nspname NOT IN ('pg_catalog', 'pg_toast')
                AND pg_catalog.pg_table_is_visible(c.oid); args=None
[23/Dec/2015 03:50:35] DEBUG [django.db.backends:89] (0.001) INSERT INTO "django_migrations" ("app", "name", "applied") VALUES ('admin', '0001_initial', '2015-12-23T03:50:35.933738+00:00'::timestamptz) RETURNING "django_migrations"."id"; args=('admin', u'0001_initial', datetime.datetime(2015, 12, 23, 3, 50, 35, 933738, tzinfo=<UTC>))
[23/Dec/2015 03:50:35] DEBUG [django.db.backends.schema:101] ALTER TABLE "django_admin_log" ALTER COLUMN "action_time" SET DEFAULT %s; (params [datetime.datetime(2015, 12, 23, 3, 50, 35, 949265, tzinfo=<UTC>)])
[23/Dec/2015 03:50:35] DEBUG [django.db.backends:89] (0.001) ALTER TABLE "django_admin_log" ALTER COLUMN "action_time" SET DEFAULT '2015-12-23T03:50:35.949265+00:00'::timestamptz; args=[datetime.datetime(2015, 12, 23, 3, 50, 35, 949265, tzinfo=<UTC>)]
[23/Dec/2015 03:50:35] DEBUG [django.db.backends.schema:101] ALTER TABLE "django_admin_log" ALTER COLUMN "action_time" DROP DEFAULT; (params [])
[23/Dec/2015 03:50:35] DEBUG [django.db.backends:89] (0.001) ALTER TABLE "django_admin_log" ALTER COLUMN "action_time" DROP DEFAULT; args=[]
[23/Dec/2015 03:50:35] DEBUG [django.db.backends:89] (0.001) 
            SELECT c.relname, c.relkind
            FROM pg_catalog.pg_class c
            LEFT JOIN pg_catalog.pg_namespace n ON n.oid = c.relnamespace
            WHERE c.relkind IN ('r', 'v')
                AND n.nspname NOT IN ('pg_catalog', 'pg_toast')
                AND pg_catalog.pg_table_is_visible(c.oid); args=None
[23/Dec/2015 03:50:35] DEBUG [django.db.backends:89] (0.001) INSERT INTO "django_migrations" ("app", "name", "applied") VALUES ('admin', '0002_logentry_remove_auto_add', '2015-12-23T03:50:35.955207+00:00'::timestamptz) RETURNING "django_migrations"."id"; args=('admin', u'0002_logentry_remove_auto_add', datetime.datetime(2015, 12, 23, 3, 50, 35, 955207, tzinfo=<UTC>))
[23/Dec/2015 03:50:35] DEBUG [django.db.backends.schema:101] ALTER TABLE "django_content_type" ALTER COLUMN "name" DROP NOT NULL; (params [])
[23/Dec/2015 03:50:35] DEBUG [django.db.backends:89] (0.001) ALTER TABLE "django_content_type" ALTER COLUMN "name" DROP NOT NULL; args=[]
[23/Dec/2015 03:50:35] DEBUG [django.db.backends.schema:101] ALTER TABLE "django_content_type" DROP COLUMN "name" CASCADE; (params [])
[23/Dec/2015 03:50:35] DEBUG [django.db.backends:89] (0.000) ALTER TABLE "django_content_type" DROP COLUMN "name" CASCADE; args=[]
[23/Dec/2015 03:50:35] DEBUG [django.db.backends:89] (0.001) 
            SELECT c.relname, c.relkind
            FROM pg_catalog.pg_class c
            LEFT JOIN pg_catalog.pg_namespace n ON n.oid = c.relnamespace
            WHERE c.relkind IN ('r', 'v')
                AND n.nspname NOT IN ('pg_catalog', 'pg_toast')
                AND pg_catalog.pg_table_is_visible(c.oid); args=None
[23/Dec/2015 03:50:36] DEBUG [django.db.backends:89] (0.001) INSERT INTO "django_migrations" ("app", "name", "applied") VALUES ('contenttypes', '0002_remove_content_type_name', '2015-12-23T03:50:36.000045+00:00'::timestamptz) RETURNING "django_migrations"."id"; args=('contenttypes', u'0002_remove_content_type_name', datetime.datetime(2015, 12, 23, 3, 50, 36, 45, tzinfo=<UTC>))
[23/Dec/2015 03:50:36] DEBUG [django.db.backends.schema:101] ALTER TABLE "auth_permission" ALTER COLUMN "name" TYPE varchar(255) USING "name"::varchar(255); (params [])
[23/Dec/2015 03:50:36] DEBUG [django.db.backends:89] (0.001) ALTER TABLE "auth_permission" ALTER COLUMN "name" TYPE varchar(255) USING "name"::varchar(255); args=[]
[23/Dec/2015 03:50:36] DEBUG [django.db.backends:89] (0.001) 
            SELECT c.relname, c.relkind
            FROM pg_catalog.pg_class c
            LEFT JOIN pg_catalog.pg_namespace n ON n.oid = c.relnamespace
            WHERE c.relkind IN ('r', 'v')
                AND n.nspname NOT IN ('pg_catalog', 'pg_toast')
                AND pg_catalog.pg_table_is_visible(c.oid); args=None
[23/Dec/2015 03:50:36] DEBUG [django.db.backends:89] (0.001) INSERT INTO "django_migrations" ("app", "name", "applied") VALUES ('auth', '0002_alter_permission_name_max_length', '2015-12-23T03:50:36.017210+00:00'::timestamptz) RETURNING "django_migrations"."id"; args=('auth', u'0002_alter_permission_name_max_length', datetime.datetime(2015, 12, 23, 3, 50, 36, 17210, tzinfo=<UTC>))
[23/Dec/2015 03:50:36] DEBUG [django.db.backends.schema:101] ALTER TABLE "auth_user" ALTER COLUMN "email" TYPE varchar(254) USING "email"::varchar(254); (params [])
[23/Dec/2015 03:50:36] DEBUG [django.db.backends:89] (0.001) ALTER TABLE "auth_user" ALTER COLUMN "email" TYPE varchar(254) USING "email"::varchar(254); args=[]
[23/Dec/2015 03:50:36] DEBUG [django.db.backends:89] (0.001) 
            SELECT c.relname, c.relkind
            FROM pg_catalog.pg_class c
            LEFT JOIN pg_catalog.pg_namespace n ON n.oid = c.relnamespace
            WHERE c.relkind IN ('r', 'v')
                AND n.nspname NOT IN ('pg_catalog', 'pg_toast')
                AND pg_catalog.pg_table_is_visible(c.oid); args=None
[23/Dec/2015 03:50:36] DEBUG [django.db.backends:89] (0.001) INSERT INTO "django_migrations" ("app", "name", "applied") VALUES ('auth', '0003_alter_user_email_max_length', '2015-12-23T03:50:36.035180+00:00'::timestamptz) RETURNING "django_migrations"."id"; args=('auth', u'0003_alter_user_email_max_length', datetime.datetime(2015, 12, 23, 3, 50, 36, 35180, tzinfo=<UTC>))
[23/Dec/2015 03:50:36] DEBUG [django.db.backends:89] (0.001) 
            SELECT c.relname, c.relkind
            FROM pg_catalog.pg_class c
            LEFT JOIN pg_catalog.pg_namespace n ON n.oid = c.relnamespace
            WHERE c.relkind IN ('r', 'v')
                AND n.nspname NOT IN ('pg_catalog', 'pg_toast')
                AND pg_catalog.pg_table_is_visible(c.oid); args=None
[23/Dec/2015 03:50:36] DEBUG [django.db.backends:89] (0.001) INSERT INTO "django_migrations" ("app", "name", "applied") VALUES ('auth', '0004_alter_user_username_opts', '2015-12-23T03:50:36.050204+00:00'::timestamptz) RETURNING "django_migrations"."id"; args=('auth', u'0004_alter_user_username_opts', datetime.datetime(2015, 12, 23, 3, 50, 36, 50204, tzinfo=<UTC>))
[23/Dec/2015 03:50:36] DEBUG [django.db.backends.schema:101] ALTER TABLE "auth_user" ALTER COLUMN "last_login" DROP NOT NULL; (params [])
[23/Dec/2015 03:50:36] DEBUG [django.db.backends:89] (0.001) ALTER TABLE "auth_user" ALTER COLUMN "last_login" DROP NOT NULL; args=[]
[23/Dec/2015 03:50:36] DEBUG [django.db.backends:89] (0.001) 
            SELECT c.relname, c.relkind
            FROM pg_catalog.pg_class c
            LEFT JOIN pg_catalog.pg_namespace n ON n.oid = c.relnamespace
            WHERE c.relkind IN ('r', 'v')
                AND n.nspname NOT IN ('pg_catalog', 'pg_toast')
                AND pg_catalog.pg_table_is_visible(c.oid); args=None
[23/Dec/2015 03:50:36] DEBUG [django.db.backends:89] (0.001) INSERT INTO "django_migrations" ("app", "name", "applied") VALUES ('auth', '0005_alter_user_last_login_null', '2015-12-23T03:50:36.069229+00:00'::timestamptz) RETURNING "django_migrations"."id"; args=('auth', u'0005_alter_user_last_login_null', datetime.datetime(2015, 12, 23, 3, 50, 36, 69229, tzinfo=<UTC>))
[23/Dec/2015 03:50:36] DEBUG [django.db.backends:89] (0.001) 
            SELECT c.relname, c.relkind
            FROM pg_catalog.pg_class c
            LEFT JOIN pg_catalog.pg_namespace n ON n.oid = c.relnamespace
            WHERE c.relkind IN ('r', 'v')
                AND n.nspname NOT IN ('pg_catalog', 'pg_toast')
                AND pg_catalog.pg_table_is_visible(c.oid); args=None
[23/Dec/2015 03:50:36] DEBUG [django.db.backends:89] (0.001) INSERT INTO "django_migrations" ("app", "name", "applied") VALUES ('auth', '0006_require_contenttypes_0002', '2015-12-23T03:50:36.073398+00:00'::timestamptz) RETURNING "django_migrations"."id"; args=('auth', u'0006_require_contenttypes_0002', datetime.datetime(2015, 12, 23, 3, 50, 36, 73398, tzinfo=<UTC>))
[23/Dec/2015 03:50:36] DEBUG [django.db.backends:89] (0.001) 
            SELECT c.relname, c.relkind
            FROM pg_catalog.pg_class c
            LEFT JOIN pg_catalog.pg_namespace n ON n.oid = c.relnamespace
            WHERE c.relkind IN ('r', 'v')
                AND n.nspname NOT IN ('pg_catalog', 'pg_toast')
                AND pg_catalog.pg_table_is_visible(c.oid); args=None
[23/Dec/2015 03:50:36] DEBUG [django.db.backends:89] (0.001) INSERT INTO "django_migrations" ("app", "name", "applied") VALUES ('auth', '0007_alter_validators_add_error_messages', '2015-12-23T03:50:36.088122+00:00'::timestamptz) RETURNING "django_migrations"."id"; args=('auth', u'0007_alter_validators_add_error_messages', datetime.datetime(2015, 12, 23, 3, 50, 36, 88122, tzinfo=<UTC>))
[23/Dec/2015 03:50:36] DEBUG [django.db.backends.schema:101] CREATE TABLE "django_session" ("session_key" varchar(40) NOT NULL PRIMARY KEY, "session_data" text NOT NULL, "expire_date" timestamp with time zone NOT NULL); (params None)
[23/Dec/2015 03:50:36] DEBUG [django.db.backends:89] (0.005) CREATE TABLE "django_session" ("session_key" varchar(40) NOT NULL PRIMARY KEY, "session_data" text NOT NULL, "expire_date" timestamp with time zone NOT NULL); args=None
[23/Dec/2015 03:50:36] DEBUG [django.db.backends.schema:101] CREATE INDEX "django_session_de54fa62" ON "django_session" ("expire_date"); (params [])
[23/Dec/2015 03:50:36] DEBUG [django.db.backends:89] (0.003) CREATE INDEX "django_session_de54fa62" ON "django_session" ("expire_date"); args=[]
[23/Dec/2015 03:50:36] DEBUG [django.db.backends.schema:101] CREATE INDEX "django_session_session_key_c0390e0f_like" ON "django_session" ("session_key" varchar_pattern_ops); (params [])
[23/Dec/2015 03:50:36] DEBUG [django.db.backends:89] (0.002) CREATE INDEX "django_session_session_key_c0390e0f_like" ON "django_session" ("session_key" varchar_pattern_ops); args=[]
[23/Dec/2015 03:50:36] DEBUG [django.db.backends:89] (0.001) 
            SELECT c.relname, c.relkind
            FROM pg_catalog.pg_class c
            LEFT JOIN pg_catalog.pg_namespace n ON n.oid = c.relnamespace
            WHERE c.relkind IN ('r', 'v')
                AND n.nspname NOT IN ('pg_catalog', 'pg_toast')
                AND pg_catalog.pg_table_is_visible(c.oid); args=None
[23/Dec/2015 03:50:36] DEBUG [django.db.backends:89] (0.001) INSERT INTO "django_migrations" ("app", "name", "applied") VALUES ('sessions', '0001_initial', '2015-12-23T03:50:36.108292+00:00'::timestamptz) RETURNING "django_migrations"."id"; args=('sessions', u'0001_initial', datetime.datetime(2015, 12, 23, 3, 50, 36, 108292, tzinfo=<UTC>))
[23/Dec/2015 03:50:36] DEBUG [django.db.backends:89] (0.002) 
            SELECT c.relname, c.relkind
            FROM pg_catalog.pg_class c
            LEFT JOIN pg_catalog.pg_namespace n ON n.oid = c.relnamespace
            WHERE c.relkind IN ('r', 'v')
                AND n.nspname NOT IN ('pg_catalog', 'pg_toast')
                AND pg_catalog.pg_table_is_visible(c.oid); args=None
[23/Dec/2015 03:50:36] DEBUG [django.db.backends:89] (0.001) SELECT "django_migrations"."app", "django_migrations"."name" FROM "django_migrations"; args=()
[23/Dec/2015 03:50:36] DEBUG [django.db.backends:89] (0.001) SELECT "django_content_type"."id", "django_content_type"."app_label", "django_content_type"."model" FROM "django_content_type" WHERE ("django_content_type"."model" = 'logentry' AND "django_content_type"."app_label" = 'admin'); args=('logentry', 'admin')
[23/Dec/2015 03:50:36] DEBUG [django.db.backends:89] (0.001) SELECT "django_content_type"."id", "django_content_type"."app_label", "django_content_type"."model" FROM "django_content_type" WHERE ("django_content_type"."model" = 'logentry' AND "django_content_type"."app_label" = 'admin'); args=('logentry', 'admin')
[23/Dec/2015 03:50:36] DEBUG [django.db.backends:89] (0.001) INSERT INTO "django_content_type" ("app_label", "model") VALUES ('admin', 'logentry') RETURNING "django_content_type"."id"; args=('admin', 'logentry')
[23/Dec/2015 03:50:36] DEBUG [django.db.backends:89] (0.001) SELECT "auth_permission"."content_type_id", "auth_permission"."codename" FROM "auth_permission" INNER JOIN "django_content_type" ON ("auth_permission"."content_type_id" = "django_content_type"."id") WHERE "auth_permission"."content_type_id" IN (1) ORDER BY "django_content_type"."app_label" ASC, "django_content_type"."model" ASC, "auth_permission"."codename" ASC; args=(1,)
[23/Dec/2015 03:50:36] DEBUG [django.db.backends:89] (0.001) INSERT INTO "auth_permission" ("name", "content_type_id", "codename") VALUES ('Can add log entry', 1, 'add_logentry'), ('Can change log entry', 1, 'change_logentry'), ('Can delete log entry', 1, 'delete_logentry'); args=(u'Can add log entry', 1, u'add_logentry', u'Can change log entry', 1, u'change_logentry', u'Can delete log entry', 1, u'delete_logentry')
[23/Dec/2015 03:50:36] DEBUG [django.db.backends:89] (0.001) SELECT "django_content_type"."id", "django_content_type"."app_label", "django_content_type"."model" FROM "django_content_type" WHERE "django_content_type"."app_label" = 'admin'; args=('admin',)
[23/Dec/2015 03:50:36] DEBUG [django.db.backends:89] (0.001) SELECT "django_content_type"."id", "django_content_type"."app_label", "django_content_type"."model" FROM "django_content_type" WHERE ("django_content_type"."model" = 'permission' AND "django_content_type"."app_label" = 'auth'); args=('permission', 'auth')
[23/Dec/2015 03:50:36] DEBUG [django.db.backends:89] (0.001) SELECT "django_content_type"."id", "django_content_type"."app_label", "django_content_type"."model" FROM "django_content_type" WHERE ("django_content_type"."model" = 'permission' AND "django_content_type"."app_label" = 'auth'); args=('permission', 'auth')
[23/Dec/2015 03:50:36] DEBUG [django.db.backends:89] (0.001) INSERT INTO "django_content_type" ("app_label", "model") VALUES ('auth', 'permission') RETURNING "django_content_type"."id"; args=('auth', 'permission')
[23/Dec/2015 03:50:36] DEBUG [django.db.backends:89] (0.001) SELECT "django_content_type"."id", "django_content_type"."app_label", "django_content_type"."model" FROM "django_content_type" WHERE ("django_content_type"."model" = 'group' AND "django_content_type"."app_label" = 'auth'); args=('group', 'auth')
[23/Dec/2015 03:50:36] DEBUG [django.db.backends:89] (0.001) SELECT "django_content_type"."id", "django_content_type"."app_label", "django_content_type"."model" FROM "django_content_type" WHERE ("django_content_type"."model" = 'group' AND "django_content_type"."app_label" = 'auth'); args=('group', 'auth')
[23/Dec/2015 03:50:36] DEBUG [django.db.backends:89] (0.001) INSERT INTO "django_content_type" ("app_label", "model") VALUES ('auth', 'group') RETURNING "django_content_type"."id"; args=('auth', 'group')
[23/Dec/2015 03:50:36] DEBUG [django.db.backends:89] (0.001) SELECT "django_content_type"."id", "django_content_type"."app_label", "django_content_type"."model" FROM "django_content_type" WHERE ("django_content_type"."model" = 'user' AND "django_content_type"."app_label" = 'auth'); args=('user', 'auth')
[23/Dec/2015 03:50:36] DEBUG [django.db.backends:89] (0.001) SELECT "django_content_type"."id", "django_content_type"."app_label", "django_content_type"."model" FROM "django_content_type" WHERE ("django_content_type"."model" = 'user' AND "django_content_type"."app_label" = 'auth'); args=('user', 'auth')
[23/Dec/2015 03:50:36] DEBUG [django.db.backends:89] (0.001) INSERT INTO "django_content_type" ("app_label", "model") VALUES ('auth', 'user') RETURNING "django_content_type"."id"; args=('auth', 'user')
[23/Dec/2015 03:50:36] DEBUG [django.db.backends:89] (0.001) SELECT "auth_permission"."content_type_id", "auth_permission"."codename" FROM "auth_permission" INNER JOIN "django_content_type" ON ("auth_permission"."content_type_id" = "django_content_type"."id") WHERE "auth_permission"."content_type_id" IN (2, 3, 4) ORDER BY "django_content_type"."app_label" ASC, "django_content_type"."model" ASC, "auth_permission"."codename" ASC; args=(2, 3, 4)
[23/Dec/2015 03:50:36] DEBUG [django.db.backends:89] (0.001) INSERT INTO "auth_permission" ("name", "content_type_id", "codename") VALUES ('Can add permission', 2, 'add_permission'), ('Can change permission', 2, 'change_permission'), ('Can delete permission', 2, 'delete_permission'), ('Can add group', 3, 'add_group'), ('Can change group', 3, 'change_group'), ('Can delete group', 3, 'delete_group'), ('Can add user', 4, 'add_user'), ('Can change user', 4, 'change_user'), ('Can delete user', 4, 'delete_user'); args=(u'Can add permission', 2, u'add_permission', u'Can change permission', 2, u'change_permission', u'Can delete permission', 2, u'delete_permission', u'Can add group', 3, u'add_group', u'Can change group', 3, u'change_group', u'Can delete group', 3, u'delete_group', u'Can add user', 4, u'add_user', u'Can change user', 4, u'change_user', u'Can delete user', 4, u'delete_user')
[23/Dec/2015 03:50:36] DEBUG [django.db.backends:89] (0.001) SELECT "django_content_type"."id", "django_content_type"."app_label", "django_content_type"."model" FROM "django_content_type" WHERE "django_content_type"."app_label" = 'auth'; args=('auth',)
[23/Dec/2015 03:50:36] DEBUG [django.db.backends:89] (0.001) SELECT "django_content_type"."id", "django_content_type"."app_label", "django_content_type"."model" FROM "django_content_type" WHERE ("django_content_type"."model" = 'contenttype' AND "django_content_type"."app_label" = 'contenttypes'); args=('contenttype', 'contenttypes')
[23/Dec/2015 03:50:36] DEBUG [django.db.backends:89] (0.001) SELECT "django_content_type"."id", "django_content_type"."app_label", "django_content_type"."model" FROM "django_content_type" WHERE ("django_content_type"."model" = 'contenttype' AND "django_content_type"."app_label" = 'contenttypes'); args=('contenttype', 'contenttypes')
[23/Dec/2015 03:50:36] DEBUG [django.db.backends:89] (0.001) INSERT INTO "django_content_type" ("app_label", "model") VALUES ('contenttypes', 'contenttype') RETURNING "django_content_type"."id"; args=('contenttypes', 'contenttype')
[23/Dec/2015 03:50:36] DEBUG [django.db.backends:89] (0.001) SELECT "auth_permission"."content_type_id", "auth_permission"."codename" FROM "auth_permission" INNER JOIN "django_content_type" ON ("auth_permission"."content_type_id" = "django_content_type"."id") WHERE "auth_permission"."content_type_id" IN (5) ORDER BY "django_content_type"."app_label" ASC, "django_content_type"."model" ASC, "auth_permission"."codename" ASC; args=(5,)
[23/Dec/2015 03:50:36] DEBUG [django.db.backends:89] (0.001) INSERT INTO "auth_permission" ("name", "content_type_id", "codename") VALUES ('Can add content type', 5, 'add_contenttype'), ('Can change content type', 5, 'change_contenttype'), ('Can delete content type', 5, 'delete_contenttype'); args=(u'Can add content type', 5, u'add_contenttype', u'Can change content type', 5, u'change_contenttype', u'Can delete content type', 5, u'delete_contenttype')
[23/Dec/2015 03:50:36] DEBUG [django.db.backends:89] (0.001) SELECT "django_content_type"."id", "django_content_type"."app_label", "django_content_type"."model" FROM "django_content_type" WHERE "django_content_type"."app_label" = 'contenttypes'; args=('contenttypes',)
[23/Dec/2015 03:50:36] DEBUG [django.db.backends:89] (0.001) SELECT "django_content_type"."id", "django_content_type"."app_label", "django_content_type"."model" FROM "django_content_type" WHERE ("django_content_type"."model" = 'session' AND "django_content_type"."app_label" = 'sessions'); args=('session', 'sessions')
[23/Dec/2015 03:50:36] DEBUG [django.db.backends:89] (0.001) SELECT "django_content_type"."id", "django_content_type"."app_label", "django_content_type"."model" FROM "django_content_type" WHERE ("django_content_type"."model" = 'session' AND "django_content_type"."app_label" = 'sessions'); args=('session', 'sessions')
[23/Dec/2015 03:50:36] DEBUG [django.db.backends:89] (0.001) INSERT INTO "django_content_type" ("app_label", "model") VALUES ('sessions', 'session') RETURNING "django_content_type"."id"; args=('sessions', 'session')
[23/Dec/2015 03:50:36] DEBUG [django.db.backends:89] (0.001) SELECT "auth_permission"."content_type_id", "auth_permission"."codename" FROM "auth_permission" INNER JOIN "django_content_type" ON ("auth_permission"."content_type_id" = "django_content_type"."id") WHERE "auth_permission"."content_type_id" IN (6) ORDER BY "django_content_type"."app_label" ASC, "django_content_type"."model" ASC, "auth_permission"."codename" ASC; args=(6,)
[23/Dec/2015 03:50:36] DEBUG [django.db.backends:89] (0.001) INSERT INTO "auth_permission" ("name", "content_type_id", "codename") VALUES ('Can add session', 6, 'add_session'), ('Can change session', 6, 'change_session'), ('Can delete session', 6, 'delete_session'); args=(u'Can add session', 6, u'add_session', u'Can change session', 6, u'change_session', u'Can delete session', 6, u'delete_session')
[23/Dec/2015 03:50:36] DEBUG [django.db.backends:89] (0.001) SELECT "django_content_type"."id", "django_content_type"."app_label", "django_content_type"."model" FROM "django_content_type" WHERE "django_content_type"."app_label" = 'sessions'; args=('sessions',)
[23/Dec/2015 03:52:09] DEBUG [django.db.backends:89] (0.002) SELECT "auth_user"."id", "auth_user"."password", "auth_user"."last_login", "auth_user"."is_superuser", "auth_user"."username", "auth_user"."first_name", "auth_user"."last_name", "auth_user"."email", "auth_user"."is_staff", "auth_user"."is_active", "auth_user"."date_joined" FROM "auth_user" WHERE "auth_user"."username" = 'vagrant'; args=(u'vagrant',)
[23/Dec/2015 03:52:32] DEBUG [django.db.backends:89] (0.001) SELECT "auth_user"."id", "auth_user"."password", "auth_user"."last_login", "auth_user"."is_superuser", "auth_user"."username", "auth_user"."first_name", "auth_user"."last_name", "auth_user"."email", "auth_user"."is_staff", "auth_user"."is_active", "auth_user"."date_joined" FROM "auth_user" WHERE "auth_user"."username" = 'mars'; args=('mars',)
[23/Dec/2015 03:53:09] DEBUG [django.db.backends:89] (0.002) INSERT INTO "auth_user" ("password", "last_login", "is_superuser", "username", "first_name", "last_name", "email", "is_staff", "is_active", "date_joined") VALUES ('pbkdf2_sha256$24000$sOpwZIzvruAa$INjRT7oOXrjn36XuLUzIYuLA+SYgopViNlP7M6Vd0VA=', NULL, true, 'mars', '', '', 'Willie.Maddox@gmail.com', true, true, '2015-12-23T03:53:09.127350+00:00'::timestamptz) RETURNING "auth_user"."id"; args=(u'pbkdf2_sha256$24000$sOpwZIzvruAa$INjRT7oOXrjn36XuLUzIYuLA+SYgopViNlP7M6Vd0VA=', None, True, 'mars', u'', u'', u'Willie.Maddox@gmail.com', True, True, datetime.datetime(2015, 12, 23, 3, 53, 9, 127350, tzinfo=<UTC>))
[23/Dec/2015 03:53:45] DEBUG [django.db.backends:89] (0.003) 
            SELECT c.relname, c.relkind
            FROM pg_catalog.pg_class c
            LEFT JOIN pg_catalog.pg_namespace n ON n.oid = c.relnamespace
            WHERE c.relkind IN ('r', 'v')
                AND n.nspname NOT IN ('pg_catalog', 'pg_toast')
                AND pg_catalog.pg_table_is_visible(c.oid); args=None
[23/Dec/2015 03:53:45] DEBUG [django.db.backends:89] (0.001) SELECT "django_migrations"."app", "django_migrations"."name" FROM "django_migrations"; args=()
[23/Dec/2015 04:08:09] DEBUG [django.db.backends:89] (0.010) 
            SELECT c.relname, c.relkind
            FROM pg_catalog.pg_class c
            LEFT JOIN pg_catalog.pg_namespace n ON n.oid = c.relnamespace
            WHERE c.relkind IN ('r', 'v')
                AND n.nspname NOT IN ('pg_catalog', 'pg_toast')
                AND pg_catalog.pg_table_is_visible(c.oid); args=None
[23/Dec/2015 04:08:09] DEBUG [django.db.backends:89] (0.002) SELECT "django_migrations"."app", "django_migrations"."name" FROM "django_migrations"; args=()
[23/Dec/2015 04:08:09] DEBUG [django.db.backends:89] (0.001) 
            SELECT c.relname, c.relkind
            FROM pg_catalog.pg_class c
            LEFT JOIN pg_catalog.pg_namespace n ON n.oid = c.relnamespace
            WHERE c.relkind IN ('r', 'v')
                AND n.nspname NOT IN ('pg_catalog', 'pg_toast')
                AND pg_catalog.pg_table_is_visible(c.oid); args=None
[23/Dec/2015 04:08:09] DEBUG [django.db.backends:89] (0.000) SELECT "django_migrations"."app", "django_migrations"."name" FROM "django_migrations"; args=()
[23/Dec/2015 04:08:09] DEBUG [django.db.backends:89] (0.003) SELECT "django_content_type"."id", "django_content_type"."app_label", "django_content_type"."model" FROM "django_content_type" WHERE ("django_content_type"."model" = 'logentry' AND "django_content_type"."app_label" = 'admin'); args=('logentry', 'admin')
[23/Dec/2015 04:08:09] DEBUG [django.db.backends:89] (0.004) SELECT "auth_permission"."content_type_id", "auth_permission"."codename" FROM "auth_permission" INNER JOIN "django_content_type" ON ("auth_permission"."content_type_id" = "django_content_type"."id") WHERE "auth_permission"."content_type_id" IN (1) ORDER BY "django_content_type"."app_label" ASC, "django_content_type"."model" ASC, "auth_permission"."codename" ASC; args=(1,)
[23/Dec/2015 04:08:09] DEBUG [django.db.backends:89] (0.001) SELECT "django_content_type"."id", "django_content_type"."app_label", "django_content_type"."model" FROM "django_content_type" WHERE "django_content_type"."app_label" = 'admin'; args=('admin',)
[23/Dec/2015 04:08:09] DEBUG [django.db.backends:89] (0.001) SELECT "django_content_type"."id", "django_content_type"."app_label", "django_content_type"."model" FROM "django_content_type" WHERE ("django_content_type"."model" = 'permission' AND "django_content_type"."app_label" = 'auth'); args=('permission', 'auth')
[23/Dec/2015 04:08:09] DEBUG [django.db.backends:89] (0.001) SELECT "django_content_type"."id", "django_content_type"."app_label", "django_content_type"."model" FROM "django_content_type" WHERE ("django_content_type"."model" = 'group' AND "django_content_type"."app_label" = 'auth'); args=('group', 'auth')
[23/Dec/2015 04:08:09] DEBUG [django.db.backends:89] (0.001) SELECT "django_content_type"."id", "django_content_type"."app_label", "django_content_type"."model" FROM "django_content_type" WHERE ("django_content_type"."model" = 'user' AND "django_content_type"."app_label" = 'auth'); args=('user', 'auth')
[23/Dec/2015 04:08:09] DEBUG [django.db.backends:89] (0.001) SELECT "auth_permission"."content_type_id", "auth_permission"."codename" FROM "auth_permission" INNER JOIN "django_content_type" ON ("auth_permission"."content_type_id" = "django_content_type"."id") WHERE "auth_permission"."content_type_id" IN (2, 3, 4) ORDER BY "django_content_type"."app_label" ASC, "django_content_type"."model" ASC, "auth_permission"."codename" ASC; args=(2, 3, 4)
[23/Dec/2015 04:08:09] DEBUG [django.db.backends:89] (0.001) SELECT "django_content_type"."id", "django_content_type"."app_label", "django_content_type"."model" FROM "django_content_type" WHERE "django_content_type"."app_label" = 'auth'; args=('auth',)
[23/Dec/2015 04:08:09] DEBUG [django.db.backends:89] (0.002) SELECT "django_content_type"."id", "django_content_type"."app_label", "django_content_type"."model" FROM "django_content_type" WHERE ("django_content_type"."model" = 'contenttype' AND "django_content_type"."app_label" = 'contenttypes'); args=('contenttype', 'contenttypes')
[23/Dec/2015 04:08:09] DEBUG [django.db.backends:89] (0.001) SELECT "auth_permission"."content_type_id", "auth_permission"."codename" FROM "auth_permission" INNER JOIN "django_content_type" ON ("auth_permission"."content_type_id" = "django_content_type"."id") WHERE "auth_permission"."content_type_id" IN (5) ORDER BY "django_content_type"."app_label" ASC, "django_content_type"."model" ASC, "auth_permission"."codename" ASC; args=(5,)
[23/Dec/2015 04:08:09] DEBUG [django.db.backends:89] (0.001) SELECT "django_content_type"."id", "django_content_type"."app_label", "django_content_type"."model" FROM "django_content_type" WHERE "django_content_type"."app_label" = 'contenttypes'; args=('contenttypes',)
[23/Dec/2015 04:08:09] DEBUG [django.db.backends:89] (0.001) SELECT "django_content_type"."id", "django_content_type"."app_label", "django_content_type"."model" FROM "django_content_type" WHERE ("django_content_type"."model" = 'session' AND "django_content_type"."app_label" = 'sessions'); args=('session', 'sessions')
[23/Dec/2015 04:08:09] DEBUG [django.db.backends:89] (0.001) SELECT "auth_permission"."content_type_id", "auth_permission"."codename" FROM "auth_permission" INNER JOIN "django_content_type" ON ("auth_permission"."content_type_id" = "django_content_type"."id") WHERE "auth_permission"."content_type_id" IN (6) ORDER BY "django_content_type"."app_label" ASC, "django_content_type"."model" ASC, "auth_permission"."codename" ASC; args=(6,)
[23/Dec/2015 04:08:09] DEBUG [django.db.backends:89] (0.001) SELECT "django_content_type"."id", "django_content_type"."app_label", "django_content_type"."model" FROM "django_content_type" WHERE "django_content_type"."app_label" = 'sessions'; args=('sessions',)
[23/Dec/2015 04:25:29] DEBUG [django.db.backends:89] (0.003) 
            SELECT c.relname, c.relkind
            FROM pg_catalog.pg_class c
            LEFT JOIN pg_catalog.pg_namespace n ON n.oid = c.relnamespace
            WHERE c.relkind IN ('r', 'v')
                AND n.nspname NOT IN ('pg_catalog', 'pg_toast')
                AND pg_catalog.pg_table_is_visible(c.oid); args=None
[23/Dec/2015 04:25:29] DEBUG [django.db.backends:89] (0.001) SELECT "django_migrations"."app", "django_migrations"."name" FROM "django_migrations"; args=()
[23/Dec/2015 04:25:29] DEBUG [django.db.backends:89] (0.001) 
            SELECT c.relname, c.relkind
            FROM pg_catalog.pg_class c
            LEFT JOIN pg_catalog.pg_namespace n ON n.oid = c.relnamespace
            WHERE c.relkind IN ('r', 'v')
                AND n.nspname NOT IN ('pg_catalog', 'pg_toast')
                AND pg_catalog.pg_table_is_visible(c.oid); args=None
[23/Dec/2015 04:25:29] DEBUG [django.db.backends:89] (0.001) SELECT "django_migrations"."app", "django_migrations"."name" FROM "django_migrations"; args=()
[23/Dec/2015 04:25:29] DEBUG [django.db.backends:89] (0.002) SELECT "django_content_type"."id", "django_content_type"."app_label", "django_content_type"."model" FROM "django_content_type" WHERE ("django_content_type"."model" = 'logentry' AND "django_content_type"."app_label" = 'admin'); args=('logentry', 'admin')
[23/Dec/2015 04:25:29] DEBUG [django.db.backends:89] (0.002) SELECT "auth_permission"."content_type_id", "auth_permission"."codename" FROM "auth_permission" INNER JOIN "django_content_type" ON ("auth_permission"."content_type_id" = "django_content_type"."id") WHERE "auth_permission"."content_type_id" IN (1) ORDER BY "django_content_type"."app_label" ASC, "django_content_type"."model" ASC, "auth_permission"."codename" ASC; args=(1,)
[23/Dec/2015 04:25:29] DEBUG [django.db.backends:89] (0.001) SELECT "django_content_type"."id", "django_content_type"."app_label", "django_content_type"."model" FROM "django_content_type" WHERE "django_content_type"."app_label" = 'admin'; args=('admin',)
[23/Dec/2015 04:25:29] DEBUG [django.db.backends:89] (0.001) SELECT "django_content_type"."id", "django_content_type"."app_label", "django_content_type"."model" FROM "django_content_type" WHERE ("django_content_type"."model" = 'permission' AND "django_content_type"."app_label" = 'auth'); args=('permission', 'auth')
[23/Dec/2015 04:25:29] DEBUG [django.db.backends:89] (0.001) SELECT "django_content_type"."id", "django_content_type"."app_label", "django_content_type"."model" FROM "django_content_type" WHERE ("django_content_type"."model" = 'group' AND "django_content_type"."app_label" = 'auth'); args=('group', 'auth')
[23/Dec/2015 04:25:29] DEBUG [django.db.backends:89] (0.001) SELECT "django_content_type"."id", "django_content_type"."app_label", "django_content_type"."model" FROM "django_content_type" WHERE ("django_content_type"."model" = 'user' AND "django_content_type"."app_label" = 'auth'); args=('user', 'auth')
[23/Dec/2015 04:25:29] DEBUG [django.db.backends:89] (0.002) SELECT "auth_permission"."content_type_id", "auth_permission"."codename" FROM "auth_permission" INNER JOIN "django_content_type" ON ("auth_permission"."content_type_id" = "django_content_type"."id") WHERE "auth_permission"."content_type_id" IN (2, 3, 4) ORDER BY "django_content_type"."app_label" ASC, "django_content_type"."model" ASC, "auth_permission"."codename" ASC; args=(2, 3, 4)
[23/Dec/2015 04:25:29] DEBUG [django.db.backends:89] (0.001) SELECT "django_content_type"."id", "django_content_type"."app_label", "django_content_type"."model" FROM "django_content_type" WHERE "django_content_type"."app_label" = 'auth'; args=('auth',)
[23/Dec/2015 04:25:29] DEBUG [django.db.backends:89] (0.001) SELECT "django_content_type"."id", "django_content_type"."app_label", "django_content_type"."model" FROM "django_content_type" WHERE ("django_content_type"."model" = 'contenttype' AND "django_content_type"."app_label" = 'contenttypes'); args=('contenttype', 'contenttypes')
[23/Dec/2015 04:25:29] DEBUG [django.db.backends:89] (0.001) SELECT "auth_permission"."content_type_id", "auth_permission"."codename" FROM "auth_permission" INNER JOIN "django_content_type" ON ("auth_permission"."content_type_id" = "django_content_type"."id") WHERE "auth_permission"."content_type_id" IN (5) ORDER BY "django_content_type"."app_label" ASC, "django_content_type"."model" ASC, "auth_permission"."codename" ASC; args=(5,)
[23/Dec/2015 04:25:29] DEBUG [django.db.backends:89] (0.001) SELECT "django_content_type"."id", "django_content_type"."app_label", "django_content_type"."model" FROM "django_content_type" WHERE "django_content_type"."app_label" = 'contenttypes'; args=('contenttypes',)
[23/Dec/2015 04:25:29] DEBUG [django.db.backends:89] (0.001) SELECT "django_content_type"."id", "django_content_type"."app_label", "django_content_type"."model" FROM "django_content_type" WHERE ("django_content_type"."model" = 'session' AND "django_content_type"."app_label" = 'sessions'); args=('session', 'sessions')
[23/Dec/2015 04:25:29] DEBUG [django.db.backends:89] (0.001) SELECT "auth_permission"."content_type_id", "auth_permission"."codename" FROM "auth_permission" INNER JOIN "django_content_type" ON ("auth_permission"."content_type_id" = "django_content_type"."id") WHERE "auth_permission"."content_type_id" IN (6) ORDER BY "django_content_type"."app_label" ASC, "django_content_type"."model" ASC, "auth_permission"."codename" ASC; args=(6,)
[23/Dec/2015 04:25:29] DEBUG [django.db.backends:89] (0.001) SELECT "django_content_type"."id", "django_content_type"."app_label", "django_content_type"."model" FROM "django_content_type" WHERE "django_content_type"."app_label" = 'sessions'; args=('sessions',)
[23/Dec/2015 21:00:15] DEBUG [django.db.backends:89] (0.004) 
            SELECT c.relname, c.relkind
            FROM pg_catalog.pg_class c
            LEFT JOIN pg_catalog.pg_namespace n ON n.oid = c.relnamespace
            WHERE c.relkind IN ('r', 'v')
                AND n.nspname NOT IN ('pg_catalog', 'pg_toast')
                AND pg_catalog.pg_table_is_visible(c.oid); args=None
[23/Dec/2015 21:00:15] DEBUG [django.db.backends.schema:101] CREATE TABLE "django_migrations" ("id" serial NOT NULL PRIMARY KEY, "app" varchar(255) NOT NULL, "name" varchar(255) NOT NULL, "applied" timestamp with time zone NOT NULL); (params None)
[23/Dec/2015 21:00:15] DEBUG [django.db.backends:89] (0.014) CREATE TABLE "django_migrations" ("id" serial NOT NULL PRIMARY KEY, "app" varchar(255) NOT NULL, "name" varchar(255) NOT NULL, "applied" timestamp with time zone NOT NULL); args=None
[23/Dec/2015 21:00:15] DEBUG [django.db.backends:89] (0.001) SELECT "django_migrations"."app", "django_migrations"."name" FROM "django_migrations"; args=()
[23/Dec/2015 21:00:15] DEBUG [django.db.backends.schema:101] CREATE TABLE "django_content_type" ("id" serial NOT NULL PRIMARY KEY, "name" varchar(100) NOT NULL, "app_label" varchar(100) NOT NULL, "model" varchar(100) NOT NULL); (params None)
[23/Dec/2015 21:00:15] DEBUG [django.db.backends:89] (0.006) CREATE TABLE "django_content_type" ("id" serial NOT NULL PRIMARY KEY, "name" varchar(100) NOT NULL, "app_label" varchar(100) NOT NULL, "model" varchar(100) NOT NULL); args=None
[23/Dec/2015 21:00:15] DEBUG [django.db.backends.schema:101] ALTER TABLE "django_content_type" ADD CONSTRAINT "django_content_type_app_label_76bd3d3b_uniq" UNIQUE ("app_label", "model"); (params [])
[23/Dec/2015 21:00:15] DEBUG [django.db.backends:89] (0.005) ALTER TABLE "django_content_type" ADD CONSTRAINT "django_content_type_app_label_76bd3d3b_uniq" UNIQUE ("app_label", "model"); args=[]
[23/Dec/2015 21:00:15] DEBUG [django.db.backends:89] (0.002) 
            SELECT c.relname, c.relkind
            FROM pg_catalog.pg_class c
            LEFT JOIN pg_catalog.pg_namespace n ON n.oid = c.relnamespace
            WHERE c.relkind IN ('r', 'v')
                AND n.nspname NOT IN ('pg_catalog', 'pg_toast')
                AND pg_catalog.pg_table_is_visible(c.oid); args=None
[23/Dec/2015 21:00:15] DEBUG [django.db.backends:89] (0.002) INSERT INTO "django_migrations" ("app", "name", "applied") VALUES ('contenttypes', '0001_initial', '2015-12-23T21:00:15.358233+00:00'::timestamptz) RETURNING "django_migrations"."id"; args=('contenttypes', u'0001_initial', datetime.datetime(2015, 12, 23, 21, 0, 15, 358233, tzinfo=<UTC>))
[23/Dec/2015 21:00:15] DEBUG [django.db.backends.schema:101] CREATE TABLE "auth_permission" ("id" serial NOT NULL PRIMARY KEY, "name" varchar(50) NOT NULL, "content_type_id" integer NOT NULL, "codename" varchar(100) NOT NULL); (params None)
[23/Dec/2015 21:00:15] DEBUG [django.db.backends:89] (0.006) CREATE TABLE "auth_permission" ("id" serial NOT NULL PRIMARY KEY, "name" varchar(50) NOT NULL, "content_type_id" integer NOT NULL, "codename" varchar(100) NOT NULL); args=None
[23/Dec/2015 21:00:15] DEBUG [django.db.backends.schema:101] CREATE TABLE "auth_group" ("id" serial NOT NULL PRIMARY KEY, "name" varchar(80) NOT NULL UNIQUE); (params None)
[23/Dec/2015 21:00:15] DEBUG [django.db.backends:89] (0.006) CREATE TABLE "auth_group" ("id" serial NOT NULL PRIMARY KEY, "name" varchar(80) NOT NULL UNIQUE); args=None
[23/Dec/2015 21:00:15] DEBUG [django.db.backends.schema:101] CREATE TABLE "auth_group_permissions" ("id" serial NOT NULL PRIMARY KEY, "group_id" integer NOT NULL, "permission_id" integer NOT NULL); (params None)
[23/Dec/2015 21:00:15] DEBUG [django.db.backends:89] (0.009) CREATE TABLE "auth_group_permissions" ("id" serial NOT NULL PRIMARY KEY, "group_id" integer NOT NULL, "permission_id" integer NOT NULL); args=None
[23/Dec/2015 21:00:15] DEBUG [django.db.backends.schema:101] CREATE TABLE "auth_user" ("id" serial NOT NULL PRIMARY KEY, "password" varchar(128) NOT NULL, "last_login" timestamp with time zone NOT NULL, "is_superuser" boolean NOT NULL, "username" varchar(30) NOT NULL UNIQUE, "first_name" varchar(30) NOT NULL, "last_name" varchar(30) NOT NULL, "email" varchar(75) NOT NULL, "is_staff" boolean NOT NULL, "is_active" boolean NOT NULL, "date_joined" timestamp with time zone NOT NULL); (params None)
[23/Dec/2015 21:00:15] DEBUG [django.db.backends:89] (0.008) CREATE TABLE "auth_user" ("id" serial NOT NULL PRIMARY KEY, "password" varchar(128) NOT NULL, "last_login" timestamp with time zone NOT NULL, "is_superuser" boolean NOT NULL, "username" varchar(30) NOT NULL UNIQUE, "first_name" varchar(30) NOT NULL, "last_name" varchar(30) NOT NULL, "email" varchar(75) NOT NULL, "is_staff" boolean NOT NULL, "is_active" boolean NOT NULL, "date_joined" timestamp with time zone NOT NULL); args=None
[23/Dec/2015 21:00:15] DEBUG [django.db.backends.schema:101] CREATE TABLE "auth_user_groups" ("id" serial NOT NULL PRIMARY KEY, "user_id" integer NOT NULL, "group_id" integer NOT NULL); (params None)
[23/Dec/2015 21:00:15] DEBUG [django.db.backends:89] (0.004) CREATE TABLE "auth_user_groups" ("id" serial NOT NULL PRIMARY KEY, "user_id" integer NOT NULL, "group_id" integer NOT NULL); args=None
[23/Dec/2015 21:00:15] DEBUG [django.db.backends.schema:101] CREATE TABLE "auth_user_user_permissions" ("id" serial NOT NULL PRIMARY KEY, "user_id" integer NOT NULL, "permission_id" integer NOT NULL); (params None)
[23/Dec/2015 21:00:15] DEBUG [django.db.backends:89] (0.005) CREATE TABLE "auth_user_user_permissions" ("id" serial NOT NULL PRIMARY KEY, "user_id" integer NOT NULL, "permission_id" integer NOT NULL); args=None
[23/Dec/2015 21:00:15] DEBUG [django.db.backends.schema:101] ALTER TABLE "auth_permission" ADD CONSTRAINT "auth_permiss_content_type_id_2f476e4b_fk_django_content_type_id" FOREIGN KEY ("content_type_id") REFERENCES "django_content_type" ("id") DEFERRABLE INITIALLY DEFERRED; (params [])
[23/Dec/2015 21:00:15] DEBUG [django.db.backends:89] (0.004) ALTER TABLE "auth_permission" ADD CONSTRAINT "auth_permiss_content_type_id_2f476e4b_fk_django_content_type_id" FOREIGN KEY ("content_type_id") REFERENCES "django_content_type" ("id") DEFERRABLE INITIALLY DEFERRED; args=[]
[23/Dec/2015 21:00:15] DEBUG [django.db.backends.schema:101] ALTER TABLE "auth_permission" ADD CONSTRAINT "auth_permission_content_type_id_01ab375a_uniq" UNIQUE ("content_type_id", "codename"); (params [])
[23/Dec/2015 21:00:15] DEBUG [django.db.backends:89] (0.004) ALTER TABLE "auth_permission" ADD CONSTRAINT "auth_permission_content_type_id_01ab375a_uniq" UNIQUE ("content_type_id", "codename"); args=[]
[23/Dec/2015 21:00:15] DEBUG [django.db.backends.schema:101] CREATE INDEX "auth_permission_417f1b1c" ON "auth_permission" ("content_type_id"); (params [])
[23/Dec/2015 21:00:15] DEBUG [django.db.backends:89] (0.004) CREATE INDEX "auth_permission_417f1b1c" ON "auth_permission" ("content_type_id"); args=[]
[23/Dec/2015 21:00:15] DEBUG [django.db.backends.schema:101] CREATE INDEX "auth_group_name_a6ea08ec_like" ON "auth_group" ("name" varchar_pattern_ops); (params [])
[23/Dec/2015 21:00:15] DEBUG [django.db.backends:89] (0.003) CREATE INDEX "auth_group_name_a6ea08ec_like" ON "auth_group" ("name" varchar_pattern_ops); args=[]
[23/Dec/2015 21:00:15] DEBUG [django.db.backends.schema:101] ALTER TABLE "auth_group_permissions" ADD CONSTRAINT "auth_group_permissions_group_id_b120cbf9_fk_auth_group_id" FOREIGN KEY ("group_id") REFERENCES "auth_group" ("id") DEFERRABLE INITIALLY DEFERRED; (params [])
[23/Dec/2015 21:00:15] DEBUG [django.db.backends:89] (0.002) ALTER TABLE "auth_group_permissions" ADD CONSTRAINT "auth_group_permissions_group_id_b120cbf9_fk_auth_group_id" FOREIGN KEY ("group_id") REFERENCES "auth_group" ("id") DEFERRABLE INITIALLY DEFERRED; args=[]
[23/Dec/2015 21:00:15] DEBUG [django.db.backends.schema:101] ALTER TABLE "auth_group_permissions" ADD CONSTRAINT "auth_group_permiss_permission_id_84c5c92e_fk_auth_permission_id" FOREIGN KEY ("permission_id") REFERENCES "auth_permission" ("id") DEFERRABLE INITIALLY DEFERRED; (params [])
[23/Dec/2015 21:00:15] DEBUG [django.db.backends:89] (0.002) ALTER TABLE "auth_group_permissions" ADD CONSTRAINT "auth_group_permiss_permission_id_84c5c92e_fk_auth_permission_id" FOREIGN KEY ("permission_id") REFERENCES "auth_permission" ("id") DEFERRABLE INITIALLY DEFERRED; args=[]
[23/Dec/2015 21:00:15] DEBUG [django.db.backends.schema:101] ALTER TABLE "auth_group_permissions" ADD CONSTRAINT "auth_group_permissions_group_id_0cd325b0_uniq" UNIQUE ("group_id", "permission_id"); (params [])
[23/Dec/2015 21:00:15] DEBUG [django.db.backends:89] (0.004) ALTER TABLE "auth_group_permissions" ADD CONSTRAINT "auth_group_permissions_group_id_0cd325b0_uniq" UNIQUE ("group_id", "permission_id"); args=[]
[23/Dec/2015 21:00:15] DEBUG [django.db.backends.schema:101] CREATE INDEX "auth_group_permissions_0e939a4f" ON "auth_group_permissions" ("group_id"); (params [])
[23/Dec/2015 21:00:15] DEBUG [django.db.backends:89] (0.003) CREATE INDEX "auth_group_permissions_0e939a4f" ON "auth_group_permissions" ("group_id"); args=[]
[23/Dec/2015 21:00:15] DEBUG [django.db.backends.schema:101] CREATE INDEX "auth_group_permissions_8373b171" ON "auth_group_permissions" ("permission_id"); (params [])
[23/Dec/2015 21:00:15] DEBUG [django.db.backends:89] (0.003) CREATE INDEX "auth_group_permissions_8373b171" ON "auth_group_permissions" ("permission_id"); args=[]
[23/Dec/2015 21:00:15] DEBUG [django.db.backends.schema:101] CREATE INDEX "auth_user_username_6821ab7c_like" ON "auth_user" ("username" varchar_pattern_ops); (params [])
[23/Dec/2015 21:00:15] DEBUG [django.db.backends:89] (0.003) CREATE INDEX "auth_user_username_6821ab7c_like" ON "auth_user" ("username" varchar_pattern_ops); args=[]
[23/Dec/2015 21:00:15] DEBUG [django.db.backends.schema:101] ALTER TABLE "auth_user_groups" ADD CONSTRAINT "auth_user_groups_user_id_6a12ed8b_fk_auth_user_id" FOREIGN KEY ("user_id") REFERENCES "auth_user" ("id") DEFERRABLE INITIALLY DEFERRED; (params [])
[23/Dec/2015 21:00:15] DEBUG [django.db.backends:89] (0.002) ALTER TABLE "auth_user_groups" ADD CONSTRAINT "auth_user_groups_user_id_6a12ed8b_fk_auth_user_id" FOREIGN KEY ("user_id") REFERENCES "auth_user" ("id") DEFERRABLE INITIALLY DEFERRED; args=[]
[23/Dec/2015 21:00:15] DEBUG [django.db.backends.schema:101] ALTER TABLE "auth_user_groups" ADD CONSTRAINT "auth_user_groups_group_id_97559544_fk_auth_group_id" FOREIGN KEY ("group_id") REFERENCES "auth_group" ("id") DEFERRABLE INITIALLY DEFERRED; (params [])
[23/Dec/2015 21:00:15] DEBUG [django.db.backends:89] (0.002) ALTER TABLE "auth_user_groups" ADD CONSTRAINT "auth_user_groups_group_id_97559544_fk_auth_group_id" FOREIGN KEY ("group_id") REFERENCES "auth_group" ("id") DEFERRABLE INITIALLY DEFERRED; args=[]
[23/Dec/2015 21:00:15] DEBUG [django.db.backends.schema:101] ALTER TABLE "auth_user_groups" ADD CONSTRAINT "auth_user_groups_user_id_94350c0c_uniq" UNIQUE ("user_id", "group_id"); (params [])
[23/Dec/2015 21:00:15] DEBUG [django.db.backends:89] (0.004) ALTER TABLE "auth_user_groups" ADD CONSTRAINT "auth_user_groups_user_id_94350c0c_uniq" UNIQUE ("user_id", "group_id"); args=[]
[23/Dec/2015 21:00:15] DEBUG [django.db.backends.schema:101] CREATE INDEX "auth_user_groups_e8701ad4" ON "auth_user_groups" ("user_id"); (params [])
[23/Dec/2015 21:00:15] DEBUG [django.db.backends:89] (0.003) CREATE INDEX "auth_user_groups_e8701ad4" ON "auth_user_groups" ("user_id"); args=[]
[23/Dec/2015 21:00:15] DEBUG [django.db.backends.schema:101] CREATE INDEX "auth_user_groups_0e939a4f" ON "auth_user_groups" ("group_id"); (params [])
[23/Dec/2015 21:00:15] DEBUG [django.db.backends:89] (0.003) CREATE INDEX "auth_user_groups_0e939a4f" ON "auth_user_groups" ("group_id"); args=[]
[23/Dec/2015 21:00:15] DEBUG [django.db.backends.schema:101] ALTER TABLE "auth_user_user_permissions" ADD CONSTRAINT "auth_user_user_permissions_user_id_a95ead1b_fk_auth_user_id" FOREIGN KEY ("user_id") REFERENCES "auth_user" ("id") DEFERRABLE INITIALLY DEFERRED; (params [])
[23/Dec/2015 21:00:15] DEBUG [django.db.backends:89] (0.002) ALTER TABLE "auth_user_user_permissions" ADD CONSTRAINT "auth_user_user_permissions_user_id_a95ead1b_fk_auth_user_id" FOREIGN KEY ("user_id") REFERENCES "auth_user" ("id") DEFERRABLE INITIALLY DEFERRED; args=[]
[23/Dec/2015 21:00:15] DEBUG [django.db.backends.schema:101] ALTER TABLE "auth_user_user_permissions" ADD CONSTRAINT "auth_user_user_per_permission_id_1fbb5f2c_fk_auth_permission_id" FOREIGN KEY ("permission_id") REFERENCES "auth_permission" ("id") DEFERRABLE INITIALLY DEFERRED; (params [])
[23/Dec/2015 21:00:15] DEBUG [django.db.backends:89] (0.002) ALTER TABLE "auth_user_user_permissions" ADD CONSTRAINT "auth_user_user_per_permission_id_1fbb5f2c_fk_auth_permission_id" FOREIGN KEY ("permission_id") REFERENCES "auth_permission" ("id") DEFERRABLE INITIALLY DEFERRED; args=[]
[23/Dec/2015 21:00:15] DEBUG [django.db.backends.schema:101] ALTER TABLE "auth_user_user_permissions" ADD CONSTRAINT "auth_user_user_permissions_user_id_14a6b632_uniq" UNIQUE ("user_id", "permission_id"); (params [])
[23/Dec/2015 21:00:15] DEBUG [django.db.backends:89] (0.003) ALTER TABLE "auth_user_user_permissions" ADD CONSTRAINT "auth_user_user_permissions_user_id_14a6b632_uniq" UNIQUE ("user_id", "permission_id"); args=[]
[23/Dec/2015 21:00:15] DEBUG [django.db.backends.schema:101] CREATE INDEX "auth_user_user_permissions_e8701ad4" ON "auth_user_user_permissions" ("user_id"); (params [])
[23/Dec/2015 21:00:15] DEBUG [django.db.backends:89] (0.004) CREATE INDEX "auth_user_user_permissions_e8701ad4" ON "auth_user_user_permissions" ("user_id"); args=[]
[23/Dec/2015 21:00:15] DEBUG [django.db.backends.schema:101] CREATE INDEX "auth_user_user_permissions_8373b171" ON "auth_user_user_permissions" ("permission_id"); (params [])
[23/Dec/2015 21:00:15] DEBUG [django.db.backends:89] (0.003) CREATE INDEX "auth_user_user_permissions_8373b171" ON "auth_user_user_permissions" ("permission_id"); args=[]
[23/Dec/2015 21:00:15] DEBUG [django.db.backends:89] (0.002) 
            SELECT c.relname, c.relkind
            FROM pg_catalog.pg_class c
            LEFT JOIN pg_catalog.pg_namespace n ON n.oid = c.relnamespace
            WHERE c.relkind IN ('r', 'v')
                AND n.nspname NOT IN ('pg_catalog', 'pg_toast')
                AND pg_catalog.pg_table_is_visible(c.oid); args=None
[23/Dec/2015 21:00:15] DEBUG [django.db.backends:89] (0.002) INSERT INTO "django_migrations" ("app", "name", "applied") VALUES ('auth', '0001_initial', '2015-12-23T21:00:15.543711+00:00'::timestamptz) RETURNING "django_migrations"."id"; args=('auth', u'0001_initial', datetime.datetime(2015, 12, 23, 21, 0, 15, 543711, tzinfo=<UTC>))
[23/Dec/2015 21:00:15] DEBUG [django.db.backends.schema:101] CREATE TABLE "django_admin_log" ("id" serial NOT NULL PRIMARY KEY, "action_time" timestamp with time zone NOT NULL, "object_id" text NULL, "object_repr" varchar(200) NOT NULL, "action_flag" smallint NOT NULL CHECK ("action_flag" >= 0), "change_message" text NOT NULL, "content_type_id" integer NULL, "user_id" integer NOT NULL); (params None)
[23/Dec/2015 21:00:15] DEBUG [django.db.backends:89] (0.008) CREATE TABLE "django_admin_log" ("id" serial NOT NULL PRIMARY KEY, "action_time" timestamp with time zone NOT NULL, "object_id" text NULL, "object_repr" varchar(200) NOT NULL, "action_flag" smallint NOT NULL CHECK ("action_flag" >= 0), "change_message" text NOT NULL, "content_type_id" integer NULL, "user_id" integer NOT NULL); args=None
[23/Dec/2015 21:00:15] DEBUG [django.db.backends.schema:101] ALTER TABLE "django_admin_log" ADD CONSTRAINT "django_admin_content_type_id_c4bce8eb_fk_django_content_type_id" FOREIGN KEY ("content_type_id") REFERENCES "django_content_type" ("id") DEFERRABLE INITIALLY DEFERRED; (params [])
[23/Dec/2015 21:00:15] DEBUG [django.db.backends:89] (0.002) ALTER TABLE "django_admin_log" ADD CONSTRAINT "django_admin_content_type_id_c4bce8eb_fk_django_content_type_id" FOREIGN KEY ("content_type_id") REFERENCES "django_content_type" ("id") DEFERRABLE INITIALLY DEFERRED; args=[]
[23/Dec/2015 21:00:15] DEBUG [django.db.backends.schema:101] ALTER TABLE "django_admin_log" ADD CONSTRAINT "django_admin_log_user_id_c564eba6_fk_auth_user_id" FOREIGN KEY ("user_id") REFERENCES "auth_user" ("id") DEFERRABLE INITIALLY DEFERRED; (params [])
[23/Dec/2015 21:00:15] DEBUG [django.db.backends:89] (0.002) ALTER TABLE "django_admin_log" ADD CONSTRAINT "django_admin_log_user_id_c564eba6_fk_auth_user_id" FOREIGN KEY ("user_id") REFERENCES "auth_user" ("id") DEFERRABLE INITIALLY DEFERRED; args=[]
[23/Dec/2015 21:00:15] DEBUG [django.db.backends.schema:101] CREATE INDEX "django_admin_log_417f1b1c" ON "django_admin_log" ("content_type_id"); (params [])
[23/Dec/2015 21:00:15] DEBUG [django.db.backends:89] (0.003) CREATE INDEX "django_admin_log_417f1b1c" ON "django_admin_log" ("content_type_id"); args=[]
[23/Dec/2015 21:00:15] DEBUG [django.db.backends.schema:101] CREATE INDEX "django_admin_log_e8701ad4" ON "django_admin_log" ("user_id"); (params [])
[23/Dec/2015 21:00:15] DEBUG [django.db.backends:89] (0.003) CREATE INDEX "django_admin_log_e8701ad4" ON "django_admin_log" ("user_id"); args=[]
[23/Dec/2015 21:00:15] DEBUG [django.db.backends:89] (0.002) 
            SELECT c.relname, c.relkind
            FROM pg_catalog.pg_class c
            LEFT JOIN pg_catalog.pg_namespace n ON n.oid = c.relnamespace
            WHERE c.relkind IN ('r', 'v')
                AND n.nspname NOT IN ('pg_catalog', 'pg_toast')
                AND pg_catalog.pg_table_is_visible(c.oid); args=None
[23/Dec/2015 21:00:15] DEBUG [django.db.backends:89] (0.002) INSERT INTO "django_migrations" ("app", "name", "applied") VALUES ('admin', '0001_initial', '2015-12-23T21:00:15.599845+00:00'::timestamptz) RETURNING "django_migrations"."id"; args=('admin', u'0001_initial', datetime.datetime(2015, 12, 23, 21, 0, 15, 599845, tzinfo=<UTC>))
[23/Dec/2015 21:00:15] DEBUG [django.db.backends.schema:101] ALTER TABLE "django_admin_log" ALTER COLUMN "action_time" SET DEFAULT %s; (params [datetime.datetime(2015, 12, 23, 21, 0, 15, 624471, tzinfo=<UTC>)])
[23/Dec/2015 21:00:15] DEBUG [django.db.backends:89] (0.002) ALTER TABLE "django_admin_log" ALTER COLUMN "action_time" SET DEFAULT '2015-12-23T21:00:15.624471+00:00'::timestamptz; args=[datetime.datetime(2015, 12, 23, 21, 0, 15, 624471, tzinfo=<UTC>)]
[23/Dec/2015 21:00:15] DEBUG [django.db.backends.schema:101] ALTER TABLE "django_admin_log" ALTER COLUMN "action_time" DROP DEFAULT; (params [])
[23/Dec/2015 21:00:15] DEBUG [django.db.backends:89] (0.001) ALTER TABLE "django_admin_log" ALTER COLUMN "action_time" DROP DEFAULT; args=[]
[23/Dec/2015 21:00:15] DEBUG [django.db.backends:89] (0.001) 
            SELECT c.relname, c.relkind
            FROM pg_catalog.pg_class c
            LEFT JOIN pg_catalog.pg_namespace n ON n.oid = c.relnamespace
            WHERE c.relkind IN ('r', 'v')
                AND n.nspname NOT IN ('pg_catalog', 'pg_toast')
                AND pg_catalog.pg_table_is_visible(c.oid); args=None
[23/Dec/2015 21:00:15] DEBUG [django.db.backends:89] (0.001) INSERT INTO "django_migrations" ("app", "name", "applied") VALUES ('admin', '0002_logentry_remove_auto_add', '2015-12-23T21:00:15.631697+00:00'::timestamptz) RETURNING "django_migrations"."id"; args=('admin', u'0002_logentry_remove_auto_add', datetime.datetime(2015, 12, 23, 21, 0, 15, 631697, tzinfo=<UTC>))
[23/Dec/2015 21:00:15] DEBUG [django.db.backends.schema:101] ALTER TABLE "django_content_type" ALTER COLUMN "name" DROP NOT NULL; (params [])
[23/Dec/2015 21:00:15] DEBUG [django.db.backends:89] (0.001) ALTER TABLE "django_content_type" ALTER COLUMN "name" DROP NOT NULL; args=[]
[23/Dec/2015 21:00:15] DEBUG [django.db.backends.schema:101] ALTER TABLE "django_content_type" DROP COLUMN "name" CASCADE; (params [])
[23/Dec/2015 21:00:15] DEBUG [django.db.backends:89] (0.001) ALTER TABLE "django_content_type" DROP COLUMN "name" CASCADE; args=[]
[23/Dec/2015 21:00:15] DEBUG [django.db.backends:89] (0.002) 
            SELECT c.relname, c.relkind
            FROM pg_catalog.pg_class c
            LEFT JOIN pg_catalog.pg_namespace n ON n.oid = c.relnamespace
            WHERE c.relkind IN ('r', 'v')
                AND n.nspname NOT IN ('pg_catalog', 'pg_toast')
                AND pg_catalog.pg_table_is_visible(c.oid); args=None
[23/Dec/2015 21:00:15] DEBUG [django.db.backends:89] (0.001) INSERT INTO "django_migrations" ("app", "name", "applied") VALUES ('contenttypes', '0002_remove_content_type_name', '2015-12-23T21:00:15.694359+00:00'::timestamptz) RETURNING "django_migrations"."id"; args=('contenttypes', u'0002_remove_content_type_name', datetime.datetime(2015, 12, 23, 21, 0, 15, 694359, tzinfo=<UTC>))
[23/Dec/2015 21:00:15] DEBUG [django.db.backends.schema:101] ALTER TABLE "auth_permission" ALTER COLUMN "name" TYPE varchar(255) USING "name"::varchar(255); (params [])
[23/Dec/2015 21:00:15] DEBUG [django.db.backends:89] (0.002) ALTER TABLE "auth_permission" ALTER COLUMN "name" TYPE varchar(255) USING "name"::varchar(255); args=[]
[23/Dec/2015 21:00:15] DEBUG [django.db.backends:89] (0.001) 
            SELECT c.relname, c.relkind
            FROM pg_catalog.pg_class c
            LEFT JOIN pg_catalog.pg_namespace n ON n.oid = c.relnamespace
            WHERE c.relkind IN ('r', 'v')
                AND n.nspname NOT IN ('pg_catalog', 'pg_toast')
                AND pg_catalog.pg_table_is_visible(c.oid); args=None
[23/Dec/2015 21:00:15] DEBUG [django.db.backends:89] (0.001) INSERT INTO "django_migrations" ("app", "name", "applied") VALUES ('auth', '0002_alter_permission_name_max_length', '2015-12-23T21:00:15.721475+00:00'::timestamptz) RETURNING "django_migrations"."id"; args=('auth', u'0002_alter_permission_name_max_length', datetime.datetime(2015, 12, 23, 21, 0, 15, 721475, tzinfo=<UTC>))
[23/Dec/2015 21:00:15] DEBUG [django.db.backends.schema:101] ALTER TABLE "auth_user" ALTER COLUMN "email" TYPE varchar(254) USING "email"::varchar(254); (params [])
[23/Dec/2015 21:00:15] DEBUG [django.db.backends:89] (0.001) ALTER TABLE "auth_user" ALTER COLUMN "email" TYPE varchar(254) USING "email"::varchar(254); args=[]
[23/Dec/2015 21:00:15] DEBUG [django.db.backends:89] (0.001) 
            SELECT c.relname, c.relkind
            FROM pg_catalog.pg_class c
            LEFT JOIN pg_catalog.pg_namespace n ON n.oid = c.relnamespace
            WHERE c.relkind IN ('r', 'v')
                AND n.nspname NOT IN ('pg_catalog', 'pg_toast')
                AND pg_catalog.pg_table_is_visible(c.oid); args=None
[23/Dec/2015 21:00:15] DEBUG [django.db.backends:89] (0.001) INSERT INTO "django_migrations" ("app", "name", "applied") VALUES ('auth', '0003_alter_user_email_max_length', '2015-12-23T21:00:15.748187+00:00'::timestamptz) RETURNING "django_migrations"."id"; args=('auth', u'0003_alter_user_email_max_length', datetime.datetime(2015, 12, 23, 21, 0, 15, 748187, tzinfo=<UTC>))
[23/Dec/2015 21:00:15] DEBUG [django.db.backends:89] (0.001) 
            SELECT c.relname, c.relkind
            FROM pg_catalog.pg_class c
            LEFT JOIN pg_catalog.pg_namespace n ON n.oid = c.relnamespace
            WHERE c.relkind IN ('r', 'v')
                AND n.nspname NOT IN ('pg_catalog', 'pg_toast')
                AND pg_catalog.pg_table_is_visible(c.oid); args=None
[23/Dec/2015 21:00:15] DEBUG [django.db.backends:89] (0.001) INSERT INTO "django_migrations" ("app", "name", "applied") VALUES ('auth', '0004_alter_user_username_opts', '2015-12-23T21:00:15.771849+00:00'::timestamptz) RETURNING "django_migrations"."id"; args=('auth', u'0004_alter_user_username_opts', datetime.datetime(2015, 12, 23, 21, 0, 15, 771849, tzinfo=<UTC>))
[23/Dec/2015 21:00:15] DEBUG [django.db.backends.schema:101] ALTER TABLE "auth_user" ALTER COLUMN "last_login" DROP NOT NULL; (params [])
[23/Dec/2015 21:00:15] DEBUG [django.db.backends:89] (0.001) ALTER TABLE "auth_user" ALTER COLUMN "last_login" DROP NOT NULL; args=[]
[23/Dec/2015 21:00:15] DEBUG [django.db.backends:89] (0.001) 
            SELECT c.relname, c.relkind
            FROM pg_catalog.pg_class c
            LEFT JOIN pg_catalog.pg_namespace n ON n.oid = c.relnamespace
            WHERE c.relkind IN ('r', 'v')
                AND n.nspname NOT IN ('pg_catalog', 'pg_toast')
                AND pg_catalog.pg_table_is_visible(c.oid); args=None
[23/Dec/2015 21:00:15] DEBUG [django.db.backends:89] (0.001) INSERT INTO "django_migrations" ("app", "name", "applied") VALUES ('auth', '0005_alter_user_last_login_null', '2015-12-23T21:00:15.798211+00:00'::timestamptz) RETURNING "django_migrations"."id"; args=('auth', u'0005_alter_user_last_login_null', datetime.datetime(2015, 12, 23, 21, 0, 15, 798211, tzinfo=<UTC>))
[23/Dec/2015 21:00:15] DEBUG [django.db.backends:89] (0.001) 
            SELECT c.relname, c.relkind
            FROM pg_catalog.pg_class c
            LEFT JOIN pg_catalog.pg_namespace n ON n.oid = c.relnamespace
            WHERE c.relkind IN ('r', 'v')
                AND n.nspname NOT IN ('pg_catalog', 'pg_toast')
                AND pg_catalog.pg_table_is_visible(c.oid); args=None
[23/Dec/2015 21:00:15] DEBUG [django.db.backends:89] (0.001) INSERT INTO "django_migrations" ("app", "name", "applied") VALUES ('auth', '0006_require_contenttypes_0002', '2015-12-23T21:00:15.803164+00:00'::timestamptz) RETURNING "django_migrations"."id"; args=('auth', u'0006_require_contenttypes_0002', datetime.datetime(2015, 12, 23, 21, 0, 15, 803164, tzinfo=<UTC>))
[23/Dec/2015 21:00:15] DEBUG [django.db.backends:89] (0.002) 
            SELECT c.relname, c.relkind
            FROM pg_catalog.pg_class c
            LEFT JOIN pg_catalog.pg_namespace n ON n.oid = c.relnamespace
            WHERE c.relkind IN ('r', 'v')
                AND n.nspname NOT IN ('pg_catalog', 'pg_toast')
                AND pg_catalog.pg_table_is_visible(c.oid); args=None
[23/Dec/2015 21:00:15] DEBUG [django.db.backends:89] (0.001) INSERT INTO "django_migrations" ("app", "name", "applied") VALUES ('auth', '0007_alter_validators_add_error_messages', '2015-12-23T21:00:15.830089+00:00'::timestamptz) RETURNING "django_migrations"."id"; args=('auth', u'0007_alter_validators_add_error_messages', datetime.datetime(2015, 12, 23, 21, 0, 15, 830089, tzinfo=<UTC>))
[23/Dec/2015 21:00:15] DEBUG [django.db.backends.schema:101] CREATE TABLE "django_session" ("session_key" varchar(40) NOT NULL PRIMARY KEY, "session_data" text NOT NULL, "expire_date" timestamp with time zone NOT NULL); (params None)
[23/Dec/2015 21:00:15] DEBUG [django.db.backends:89] (0.006) CREATE TABLE "django_session" ("session_key" varchar(40) NOT NULL PRIMARY KEY, "session_data" text NOT NULL, "expire_date" timestamp with time zone NOT NULL); args=None
[23/Dec/2015 21:00:15] DEBUG [django.db.backends.schema:101] CREATE INDEX "django_session_de54fa62" ON "django_session" ("expire_date"); (params [])
[23/Dec/2015 21:00:15] DEBUG [django.db.backends:89] (0.003) CREATE INDEX "django_session_de54fa62" ON "django_session" ("expire_date"); args=[]
[23/Dec/2015 21:00:15] DEBUG [django.db.backends.schema:101] CREATE INDEX "django_session_session_key_c0390e0f_like" ON "django_session" ("session_key" varchar_pattern_ops); (params [])
[23/Dec/2015 21:00:15] DEBUG [django.db.backends:89] (0.002) CREATE INDEX "django_session_session_key_c0390e0f_like" ON "django_session" ("session_key" varchar_pattern_ops); args=[]
[23/Dec/2015 21:00:15] DEBUG [django.db.backends:89] (0.002) 
            SELECT c.relname, c.relkind
            FROM pg_catalog.pg_class c
            LEFT JOIN pg_catalog.pg_namespace n ON n.oid = c.relnamespace
            WHERE c.relkind IN ('r', 'v')
                AND n.nspname NOT IN ('pg_catalog', 'pg_toast')
                AND pg_catalog.pg_table_is_visible(c.oid); args=None
[23/Dec/2015 21:00:15] DEBUG [django.db.backends:89] (0.001) INSERT INTO "django_migrations" ("app", "name", "applied") VALUES ('sessions', '0001_initial', '2015-12-23T21:00:15.859416+00:00'::timestamptz) RETURNING "django_migrations"."id"; args=('sessions', u'0001_initial', datetime.datetime(2015, 12, 23, 21, 0, 15, 859416, tzinfo=<UTC>))
[23/Dec/2015 21:00:15] DEBUG [django.db.backends:89] (0.001) 
            SELECT c.relname, c.relkind
            FROM pg_catalog.pg_class c
            LEFT JOIN pg_catalog.pg_namespace n ON n.oid = c.relnamespace
            WHERE c.relkind IN ('r', 'v')
                AND n.nspname NOT IN ('pg_catalog', 'pg_toast')
                AND pg_catalog.pg_table_is_visible(c.oid); args=None
[23/Dec/2015 21:00:15] DEBUG [django.db.backends:89] (0.001) SELECT "django_migrations"."app", "django_migrations"."name" FROM "django_migrations"; args=()
[23/Dec/2015 21:00:15] DEBUG [django.db.backends:89] (0.002) SELECT "django_content_type"."id", "django_content_type"."app_label", "django_content_type"."model" FROM "django_content_type" WHERE ("django_content_type"."model" = 'logentry' AND "django_content_type"."app_label" = 'admin'); args=('logentry', 'admin')
[23/Dec/2015 21:00:15] DEBUG [django.db.backends:89] (0.001) SELECT "django_content_type"."id", "django_content_type"."app_label", "django_content_type"."model" FROM "django_content_type" WHERE ("django_content_type"."model" = 'logentry' AND "django_content_type"."app_label" = 'admin'); args=('logentry', 'admin')
[23/Dec/2015 21:00:15] DEBUG [django.db.backends:89] (0.002) INSERT INTO "django_content_type" ("app_label", "model") VALUES ('admin', 'logentry') RETURNING "django_content_type"."id"; args=('admin', 'logentry')
[23/Dec/2015 21:00:15] DEBUG [django.db.backends:89] (0.001) SELECT "auth_permission"."content_type_id", "auth_permission"."codename" FROM "auth_permission" INNER JOIN "django_content_type" ON ("auth_permission"."content_type_id" = "django_content_type"."id") WHERE "auth_permission"."content_type_id" IN (1) ORDER BY "django_content_type"."app_label" ASC, "django_content_type"."model" ASC, "auth_permission"."codename" ASC; args=(1,)
[23/Dec/2015 21:00:15] DEBUG [django.db.backends:89] (0.002) INSERT INTO "auth_permission" ("name", "content_type_id", "codename") VALUES ('Can add log entry', 1, 'add_logentry'), ('Can change log entry', 1, 'change_logentry'), ('Can delete log entry', 1, 'delete_logentry'); args=(u'Can add log entry', 1, u'add_logentry', u'Can change log entry', 1, u'change_logentry', u'Can delete log entry', 1, u'delete_logentry')
[23/Dec/2015 21:00:15] DEBUG [django.db.backends:89] (0.001) SELECT "django_content_type"."id", "django_content_type"."app_label", "django_content_type"."model" FROM "django_content_type" WHERE "django_content_type"."app_label" = 'admin'; args=('admin',)
[23/Dec/2015 21:00:15] DEBUG [django.db.backends:89] (0.001) SELECT "django_content_type"."id", "django_content_type"."app_label", "django_content_type"."model" FROM "django_content_type" WHERE ("django_content_type"."model" = 'permission' AND "django_content_type"."app_label" = 'auth'); args=('permission', 'auth')
[23/Dec/2015 21:00:15] DEBUG [django.db.backends:89] (0.001) SELECT "django_content_type"."id", "django_content_type"."app_label", "django_content_type"."model" FROM "django_content_type" WHERE ("django_content_type"."model" = 'permission' AND "django_content_type"."app_label" = 'auth'); args=('permission', 'auth')
[23/Dec/2015 21:00:15] DEBUG [django.db.backends:89] (0.001) INSERT INTO "django_content_type" ("app_label", "model") VALUES ('auth', 'permission') RETURNING "django_content_type"."id"; args=('auth', 'permission')
[23/Dec/2015 21:00:15] DEBUG [django.db.backends:89] (0.001) SELECT "django_content_type"."id", "django_content_type"."app_label", "django_content_type"."model" FROM "django_content_type" WHERE ("django_content_type"."model" = 'group' AND "django_content_type"."app_label" = 'auth'); args=('group', 'auth')
[23/Dec/2015 21:00:15] DEBUG [django.db.backends:89] (0.001) SELECT "django_content_type"."id", "django_content_type"."app_label", "django_content_type"."model" FROM "django_content_type" WHERE ("django_content_type"."model" = 'group' AND "django_content_type"."app_label" = 'auth'); args=('group', 'auth')
[23/Dec/2015 21:00:15] DEBUG [django.db.backends:89] (0.001) INSERT INTO "django_content_type" ("app_label", "model") VALUES ('auth', 'group') RETURNING "django_content_type"."id"; args=('auth', 'group')
[23/Dec/2015 21:00:15] DEBUG [django.db.backends:89] (0.001) SELECT "django_content_type"."id", "django_content_type"."app_label", "django_content_type"."model" FROM "django_content_type" WHERE ("django_content_type"."model" = 'user' AND "django_content_type"."app_label" = 'auth'); args=('user', 'auth')
[23/Dec/2015 21:00:15] DEBUG [django.db.backends:89] (0.001) SELECT "django_content_type"."id", "django_content_type"."app_label", "django_content_type"."model" FROM "django_content_type" WHERE ("django_content_type"."model" = 'user' AND "django_content_type"."app_label" = 'auth'); args=('user', 'auth')
[23/Dec/2015 21:00:15] DEBUG [django.db.backends:89] (0.002) INSERT INTO "django_content_type" ("app_label", "model") VALUES ('auth', 'user') RETURNING "django_content_type"."id"; args=('auth', 'user')
[23/Dec/2015 21:00:15] DEBUG [django.db.backends:89] (0.001) SELECT "auth_permission"."content_type_id", "auth_permission"."codename" FROM "auth_permission" INNER JOIN "django_content_type" ON ("auth_permission"."content_type_id" = "django_content_type"."id") WHERE "auth_permission"."content_type_id" IN (2, 3, 4) ORDER BY "django_content_type"."app_label" ASC, "django_content_type"."model" ASC, "auth_permission"."codename" ASC; args=(2, 3, 4)
[23/Dec/2015 21:00:15] DEBUG [django.db.backends:89] (0.002) INSERT INTO "auth_permission" ("name", "content_type_id", "codename") VALUES ('Can add permission', 2, 'add_permission'), ('Can change permission', 2, 'change_permission'), ('Can delete permission', 2, 'delete_permission'), ('Can add group', 3, 'add_group'), ('Can change group', 3, 'change_group'), ('Can delete group', 3, 'delete_group'), ('Can add user', 4, 'add_user'), ('Can change user', 4, 'change_user'), ('Can delete user', 4, 'delete_user'); args=(u'Can add permission', 2, u'add_permission', u'Can change permission', 2, u'change_permission', u'Can delete permission', 2, u'delete_permission', u'Can add group', 3, u'add_group', u'Can change group', 3, u'change_group', u'Can delete group', 3, u'delete_group', u'Can add user', 4, u'add_user', u'Can change user', 4, u'change_user', u'Can delete user', 4, u'delete_user')
[23/Dec/2015 21:00:15] DEBUG [django.db.backends:89] (0.001) SELECT "django_content_type"."id", "django_content_type"."app_label", "django_content_type"."model" FROM "django_content_type" WHERE "django_content_type"."app_label" = 'auth'; args=('auth',)
[23/Dec/2015 21:00:15] DEBUG [django.db.backends:89] (0.001) SELECT "django_content_type"."id", "django_content_type"."app_label", "django_content_type"."model" FROM "django_content_type" WHERE ("django_content_type"."model" = 'contenttype' AND "django_content_type"."app_label" = 'contenttypes'); args=('contenttype', 'contenttypes')
[23/Dec/2015 21:00:15] DEBUG [django.db.backends:89] (0.001) SELECT "django_content_type"."id", "django_content_type"."app_label", "django_content_type"."model" FROM "django_content_type" WHERE ("django_content_type"."model" = 'contenttype' AND "django_content_type"."app_label" = 'contenttypes'); args=('contenttype', 'contenttypes')
[23/Dec/2015 21:00:15] DEBUG [django.db.backends:89] (0.002) INSERT INTO "django_content_type" ("app_label", "model") VALUES ('contenttypes', 'contenttype') RETURNING "django_content_type"."id"; args=('contenttypes', 'contenttype')
[23/Dec/2015 21:00:15] DEBUG [django.db.backends:89] (0.001) SELECT "auth_permission"."content_type_id", "auth_permission"."codename" FROM "auth_permission" INNER JOIN "django_content_type" ON ("auth_permission"."content_type_id" = "django_content_type"."id") WHERE "auth_permission"."content_type_id" IN (5) ORDER BY "django_content_type"."app_label" ASC, "django_content_type"."model" ASC, "auth_permission"."codename" ASC; args=(5,)
[23/Dec/2015 21:00:15] DEBUG [django.db.backends:89] (0.001) INSERT INTO "auth_permission" ("name", "content_type_id", "codename") VALUES ('Can add content type', 5, 'add_contenttype'), ('Can change content type', 5, 'change_contenttype'), ('Can delete content type', 5, 'delete_contenttype'); args=(u'Can add content type', 5, u'add_contenttype', u'Can change content type', 5, u'change_contenttype', u'Can delete content type', 5, u'delete_contenttype')
[23/Dec/2015 21:00:15] DEBUG [django.db.backends:89] (0.001) SELECT "django_content_type"."id", "django_content_type"."app_label", "django_content_type"."model" FROM "django_content_type" WHERE "django_content_type"."app_label" = 'contenttypes'; args=('contenttypes',)
[23/Dec/2015 21:00:15] DEBUG [django.db.backends:89] (0.001) SELECT "django_content_type"."id", "django_content_type"."app_label", "django_content_type"."model" FROM "django_content_type" WHERE ("django_content_type"."model" = 'session' AND "django_content_type"."app_label" = 'sessions'); args=('session', 'sessions')
[23/Dec/2015 21:00:15] DEBUG [django.db.backends:89] (0.001) SELECT "django_content_type"."id", "django_content_type"."app_label", "django_content_type"."model" FROM "django_content_type" WHERE ("django_content_type"."model" = 'session' AND "django_content_type"."app_label" = 'sessions'); args=('session', 'sessions')
[23/Dec/2015 21:00:15] DEBUG [django.db.backends:89] (0.001) INSERT INTO "django_content_type" ("app_label", "model") VALUES ('sessions', 'session') RETURNING "django_content_type"."id"; args=('sessions', 'session')
[23/Dec/2015 21:00:15] DEBUG [django.db.backends:89] (0.001) SELECT "auth_permission"."content_type_id", "auth_permission"."codename" FROM "auth_permission" INNER JOIN "django_content_type" ON ("auth_permission"."content_type_id" = "django_content_type"."id") WHERE "auth_permission"."content_type_id" IN (6) ORDER BY "django_content_type"."app_label" ASC, "django_content_type"."model" ASC, "auth_permission"."codename" ASC; args=(6,)
[23/Dec/2015 21:00:15] DEBUG [django.db.backends:89] (0.001) INSERT INTO "auth_permission" ("name", "content_type_id", "codename") VALUES ('Can add session', 6, 'add_session'), ('Can change session', 6, 'change_session'), ('Can delete session', 6, 'delete_session'); args=(u'Can add session', 6, u'add_session', u'Can change session', 6, u'change_session', u'Can delete session', 6, u'delete_session')
[23/Dec/2015 21:00:15] DEBUG [django.db.backends:89] (0.001) SELECT "django_content_type"."id", "django_content_type"."app_label", "django_content_type"."model" FROM "django_content_type" WHERE "django_content_type"."app_label" = 'sessions'; args=('sessions',)
[23/Dec/2015 21:01:32] DEBUG [django.db.backends:89] (0.003) 
            SELECT c.relname, c.relkind
            FROM pg_catalog.pg_class c
            LEFT JOIN pg_catalog.pg_namespace n ON n.oid = c.relnamespace
            WHERE c.relkind IN ('r', 'v')
                AND n.nspname NOT IN ('pg_catalog', 'pg_toast')
                AND pg_catalog.pg_table_is_visible(c.oid); args=None
[23/Dec/2015 21:01:32] DEBUG [django.db.backends:89] (0.001) SELECT "django_migrations"."app", "django_migrations"."name" FROM "django_migrations"; args=()
